<?xml version="1.0" encoding="UTF-8"?>
<robot generator="Robot 6.0.2 (Python 3.11.2 on win32)" generated="20230510 12:16:47.065" rpa="false" schemaversion="3">
<suite id="s1" name="1 Signin Admin &amp; 3 Dashboard">
<suite id="s1-s1" name="1 Signin Admin" source="C:\Users\benna\PycharmProjects\wattzhubcpo\tests\wattzhubadmin\1_signin_admin.robot">
<test id="s1-s1-t1" name="sign in admin" line="27">
<kw name="Set Selenium Timeout" library="SeleniumLibrary">
<arg>10s</arg>
<doc>Sets the timeout that is used by various keywords.</doc>
<status status="PASS" starttime="20230510 12:16:47.283" endtime="20230510 12:16:47.284"/>
</kw>
<kw name="open wattzhub admin">
<kw name="Open Browser" library="SeleniumLibrary">
<arg>${urlwattzhub_admin}</arg>
<arg>${browser1}</arg>
<doc>Opens a new browser instance to the optional ``url``.</doc>
<msg timestamp="20230510 12:16:47.285" level="INFO">Opening browser 'Chrome' to base url 'https://sadok.cpo.beta.wattzhub.com/auth/login?returnUrl=%2Fstatistics'.</msg>
<status status="PASS" starttime="20230510 12:16:47.284" endtime="20230510 12:17:40.305"/>
</kw>
<kw name="Maximize Browser Window" library="SeleniumLibrary">
<doc>Maximizes current browser window.</doc>
<status status="PASS" starttime="20230510 12:17:40.305" endtime="20230510 12:17:40.452"/>
</kw>
<status status="PASS" starttime="20230510 12:16:47.284" endtime="20230510 12:17:40.452"/>
</kw>
<kw name="Wait Until Page Contains Element" library="SeleniumLibrary">
<arg>${id_email}</arg>
<doc>Waits until the element ``locator`` appears on the current page.</doc>
<status status="PASS" starttime="20230510 12:17:40.453" endtime="20230510 12:17:40.480"/>
</kw>
<kw name="Pass email_admin and password_admin">
<arg>${email_admin}</arg>
<arg>${password_admin}</arg>
<kw name="Press Keys" library="SeleniumLibrary">
<arg>${id_email}</arg>
<arg>${email_admin}</arg>
<doc>Simulates the user pressing key(s) to an element or on the active browser.</doc>
<msg timestamp="20230510 12:17:40.482" level="INFO">Sending key(s) ('sadok.bennahia@internship.continuousnet.com',) to id:email-field element.</msg>
<msg timestamp="20230510 12:17:40.786" level="INFO">Sending keys sadok.bennahia@internship.continuousnet.com</msg>
<status status="PASS" starttime="20230510 12:17:40.482" endtime="20230510 12:17:40.995"/>
</kw>
<kw name="Press Keys" library="SeleniumLibrary">
<arg>${id_password}</arg>
<arg>${password_admin}</arg>
<doc>Simulates the user pressing key(s) to an element or on the active browser.</doc>
<msg timestamp="20230510 12:17:40.996" level="INFO">Sending key(s) ('WwwBbb003.',) to id:password-field element.</msg>
<msg timestamp="20230510 12:17:41.301" level="INFO">Sending keys WwwBbb003.</msg>
<status status="PASS" starttime="20230510 12:17:40.996" endtime="20230510 12:17:41.370"/>
</kw>
<status status="PASS" starttime="20230510 12:17:40.481" endtime="20230510 12:17:41.370"/>
</kw>
<kw name="Press Keys" library="SeleniumLibrary">
<arg>${id_LicenseAgreement}</arg>
<arg>\\13</arg>
<doc>Simulates the user pressing key(s) to an element or on the active browser.</doc>
<msg timestamp="20230510 12:17:41.372" level="INFO">Sending key(s) ('\\13',) to id:mat-checkbox-1-input element.</msg>
<msg timestamp="20230510 12:17:41.701" level="INFO">Sending keys \13</msg>
<status status="PASS" starttime="20230510 12:17:41.371" endtime="20230510 12:17:41.713"/>
</kw>
<kw name="Checkbox Should Be Selected" library="SeleniumLibrary">
<arg>${id_LicenseAgreement}</arg>
<doc>Verifies checkbox ``locator`` is selected/checked.</doc>
<msg timestamp="20230510 12:17:41.716" level="INFO">Verifying checkbox 'id:mat-checkbox-1-input' is selected.</msg>
<status status="PASS" starttime="20230510 12:17:41.714" endtime="20230510 12:17:41.783"/>
</kw>
<kw name="Click Button" library="SeleniumLibrary">
<arg>${xpath_signin}</arg>
<doc>Clicks the button identified by ``locator``.</doc>
<msg timestamp="20230510 12:17:41.784" level="INFO">Clicking button '//*[@id="sign-in-button"]'.</msg>
<status status="PASS" starttime="20230510 12:17:41.784" endtime="20230510 12:17:41.936"/>
</kw>
<kw name="Sleep" library="BuiltIn">
<arg>7s</arg>
<doc>Pauses the test executed for the given time.</doc>
<msg timestamp="20230510 12:17:48.937" level="INFO">Slept 7 seconds</msg>
<status status="PASS" starttime="20230510 12:17:41.937" endtime="20230510 12:17:48.937"/>
</kw>
<kw name="Wait Until Page Contains" library="SeleniumLibrary">
<arg>Dashboard</arg>
<doc>Waits until ``text`` appears on the current page.</doc>
<status status="PASS" starttime="20230510 12:17:48.938" endtime="20230510 12:17:48.999"/>
</kw>
<kw name="Title Should Be" library="SeleniumLibrary">
<arg>Admin by WattzHub CPO</arg>
<doc>Verifies that the current page title equals ``title``.</doc>
<msg timestamp="20230510 12:17:49.020" level="INFO">Page title is 'Admin by WattzHub CPO'.</msg>
<status status="PASS" starttime="20230510 12:17:49.000" endtime="20230510 12:17:49.020"/>
</kw>
<tag>sign</tag>
<status status="PASS" starttime="20230510 12:16:47.283" endtime="20230510 12:17:49.021"/>
</test>
<doc>Testing Sign in in admin</doc>
<status status="PASS" starttime="20230510 12:16:47.083" endtime="20230510 12:17:49.032"/>
</suite>
<suite id="s1-s2" name="3 Dashboard" source="C:\Users\benna\PycharmProjects\wattzhubcpo\tests\wattzhubadmin\3_dashboard.robot">
<test id="s1-s2-t1" name="tester dashboard" line="196">
<kw name="Press Keys" library="SeleniumLibrary">
<arg>${xpath_dashboard}</arg>
<arg>\\13</arg>
<doc>Simulates the user pressing key(s) to an element or on the active browser.</doc>
<msg timestamp="20230510 12:17:49.051" level="INFO">Sending key(s) ('\\13',) to //*[contains(text(),'Dashboard')] element.</msg>
<msg timestamp="20230510 12:17:49.427" level="INFO">Sending keys \13</msg>
<status status="PASS" starttime="20230510 12:17:49.050" endtime="20230510 12:17:49.445"/>
</kw>
<kw name="Page Should Contain Element" library="SeleniumLibrary">
<arg>${xpath_users}</arg>
<doc>Verifies that element ``locator`` is found on the current page.</doc>
<msg timestamp="20230510 12:17:49.472" level="INFO">Current page contains element '//*[contains(text(),'Users')]'.</msg>
<status status="PASS" starttime="20230510 12:17:49.446" endtime="20230510 12:17:49.472"/>
</kw>
<kw name="Page Should Contain Element" library="SeleniumLibrary">
<arg>${xpath_RFID Cards}</arg>
<doc>Verifies that element ``locator`` is found on the current page.</doc>
<msg timestamp="20230510 12:17:49.498" level="INFO">Current page contains element '//*[contains(text(),'RFID Cards')]'.</msg>
<status status="PASS" starttime="20230510 12:17:49.473" endtime="20230510 12:17:49.498"/>
</kw>
<kw name="Page Should Contain Element" library="SeleniumLibrary">
<arg>${xpath_Charging Stations}</arg>
<doc>Verifies that element ``locator`` is found on the current page.</doc>
<msg timestamp="20230510 12:17:49.518" level="INFO">Current page contains element '//*[contains(text(),'Charging Stations')]'.</msg>
<status status="PASS" starttime="20230510 12:17:49.498" endtime="20230510 12:17:49.518"/>
</kw>
<kw name="Page Should Contain Element" library="SeleniumLibrary">
<arg>${xpath_Sessions}</arg>
<doc>Verifies that element ``locator`` is found on the current page.</doc>
<msg timestamp="20230510 12:17:49.540" level="INFO">Current page contains element '//*[contains(text(),'Sessions')]'.</msg>
<status status="PASS" starttime="20230510 12:17:49.519" endtime="20230510 12:17:49.540"/>
</kw>
<kw name="Page Should Contain Element" library="SeleniumLibrary">
<arg>${xpath_users charts}</arg>
<doc>Verifies that element ``locator`` is found on the current page.</doc>
<msg timestamp="20230510 12:17:49.559" level="INFO">Current page contains element 'id:pieChartUsers'.</msg>
<status status="PASS" starttime="20230510 12:17:49.542" endtime="20230510 12:17:49.559"/>
</kw>
<kw name="Page Should Contain Element" library="SeleniumLibrary">
<arg>${xpath_Charging Stations charts}</arg>
<doc>Verifies that element ``locator`` is found on the current page.</doc>
<msg timestamp="20230510 12:17:49.576" level="INFO">Current page contains element 'id:pieChartChargingStations'.</msg>
<status status="PASS" starttime="20230510 12:17:49.560" endtime="20230510 12:17:49.578"/>
</kw>
<status status="PASS" starttime="20230510 12:17:49.050" endtime="20230510 12:17:49.578"/>
</test>
<test id="s1-s2-t2" name="tester dashboard consumption" line="205">
<kw name="Execute Javascript" library="SeleniumLibrary">
<arg>window.scrollTo(180, 760)</arg>
<doc>Executes the given JavaScript code with possible arguments.</doc>
<msg timestamp="20230510 12:17:49.582" level="INFO">Executing JavaScript:
window.scrollTo(180, 760)
Without any arguments.</msg>
<status status="PASS" starttime="20230510 12:17:49.580" endtime="20230510 12:17:49.590"/>
</kw>
<kw name="Sleep" library="BuiltIn">
<arg>2s</arg>
<doc>Pauses the test executed for the given time.</doc>
<msg timestamp="20230510 12:17:51.591" level="INFO">Slept 2 seconds</msg>
<status status="PASS" starttime="20230510 12:17:49.590" endtime="20230510 12:17:51.591"/>
</kw>
<kw name="Page Should Contain Element" library="SeleniumLibrary">
<arg>${xpath_Consumption}</arg>
<doc>Verifies that element ``locator`` is found on the current page.</doc>
<msg timestamp="20230510 12:17:51.616" level="INFO">Current page contains element '//*[contains(text(),'Consumption')]'.</msg>
<status status="PASS" starttime="20230510 12:17:51.591" endtime="20230510 12:17:51.616"/>
</kw>
<for flavor="IN RANGE">
<var>${i}</var>
<value>1</value>
<value>3</value>
<iter>
<var name="${i}">1</var>
<kw name="Press Keys" library="SeleniumLibrary">
<arg>${xpath_Consumption Export}</arg>
<arg>\\13</arg>
<doc>Simulates the user pressing key(s) to an element or on the active browser.</doc>
<msg timestamp="20230510 12:17:51.618" level="INFO">Sending key(s) ('\\13',) to //*[contains(text(),'Export')] element.</msg>
<msg timestamp="20230510 12:17:52.445" level="INFO">Sending keys \13</msg>
<status status="PASS" starttime="20230510 12:17:51.617" endtime="20230510 12:17:52.709"/>
</kw>
<kw name="Run Keyword If" library="BuiltIn">
<arg>${i} == 1</arg>
<arg>Consumption Export Yes</arg>
<doc>Runs the given keyword with the given arguments, if ``condition`` is true.</doc>
<kw name="Consumption Export Yes">
<kw name="Click Element" library="SeleniumLibrary">
<arg>${xpath_Export Consumption Data Yes}</arg>
<doc>Click the element identified by ``locator``.</doc>
<msg timestamp="20230510 12:17:52.711" level="INFO">Clicking element '//*[contains(text(),'Yes')]'.</msg>
<status status="PASS" starttime="20230510 12:17:52.710" endtime="20230510 12:17:53.323"/>
</kw>
<status status="PASS" starttime="20230510 12:17:52.710" endtime="20230510 12:17:53.323"/>
</kw>
<status status="PASS" starttime="20230510 12:17:52.709" endtime="20230510 12:17:53.323"/>
</kw>
<kw name="Sleep" library="BuiltIn">
<arg>2s</arg>
<doc>Pauses the test executed for the given time.</doc>
<msg timestamp="20230510 12:17:55.324" level="INFO">Slept 2 seconds</msg>
<status status="PASS" starttime="20230510 12:17:53.323" endtime="20230510 12:17:55.324"/>
</kw>
<kw name="Run Keyword If" library="BuiltIn">
<arg>${i} == 2</arg>
<arg>Consumption Export No</arg>
<doc>Runs the given keyword with the given arguments, if ``condition`` is true.</doc>
<status status="PASS" starttime="20230510 12:17:55.324" endtime="20230510 12:17:55.324"/>
</kw>
<status status="PASS" starttime="20230510 12:17:51.617" endtime="20230510 12:17:55.324"/>
</iter>
<iter>
<var name="${i}">2</var>
<kw name="Press Keys" library="SeleniumLibrary">
<arg>${xpath_Consumption Export}</arg>
<arg>\\13</arg>
<doc>Simulates the user pressing key(s) to an element or on the active browser.</doc>
<msg timestamp="20230510 12:17:55.327" level="INFO">Sending key(s) ('\\13',) to //*[contains(text(),'Export')] element.</msg>
<msg timestamp="20230510 12:17:55.957" level="INFO">Sending keys \13</msg>
<status status="PASS" starttime="20230510 12:17:55.325" endtime="20230510 12:17:56.075"/>
</kw>
<kw name="Run Keyword If" library="BuiltIn">
<arg>${i} == 1</arg>
<arg>Consumption Export Yes</arg>
<doc>Runs the given keyword with the given arguments, if ``condition`` is true.</doc>
<status status="PASS" starttime="20230510 12:17:56.076" endtime="20230510 12:17:56.078"/>
</kw>
<kw name="Sleep" library="BuiltIn">
<arg>2s</arg>
<doc>Pauses the test executed for the given time.</doc>
<msg timestamp="20230510 12:17:58.079" level="INFO">Slept 2 seconds</msg>
<status status="PASS" starttime="20230510 12:17:56.078" endtime="20230510 12:17:58.079"/>
</kw>
<kw name="Run Keyword If" library="BuiltIn">
<arg>${i} == 2</arg>
<arg>Consumption Export No</arg>
<doc>Runs the given keyword with the given arguments, if ``condition`` is true.</doc>
<kw name="Consumption Export No">
<kw name="Click Element" library="SeleniumLibrary">
<arg>${xpath_Export Consumption Data No}</arg>
<doc>Click the element identified by ``locator``.</doc>
<msg timestamp="20230510 12:17:58.081" level="INFO">Clicking element '//*[contains(text(),'No')]'.</msg>
<status status="PASS" starttime="20230510 12:17:58.080" endtime="20230510 12:17:58.561"/>
</kw>
<status status="PASS" starttime="20230510 12:17:58.080" endtime="20230510 12:17:58.561"/>
</kw>
<status status="PASS" starttime="20230510 12:17:58.079" endtime="20230510 12:17:58.561"/>
</kw>
<status status="PASS" starttime="20230510 12:17:55.325" endtime="20230510 12:17:58.561"/>
</iter>
<status status="PASS" starttime="20230510 12:17:51.617" endtime="20230510 12:17:58.561"/>
</for>
<kw name="Page Should Contain Element" library="SeleniumLibrary">
<arg>${xpath_Consumption Reset Filters}</arg>
<doc>Verifies that element ``locator`` is found on the current page.</doc>
<msg timestamp="20230510 12:17:58.915" level="INFO">Current page contains element '//*[contains(text(),'Reset Filters')]'.</msg>
<status status="PASS" starttime="20230510 12:17:58.563" endtime="20230510 12:17:58.915"/>
</kw>
<kw name="Page Should Contain Element" library="SeleniumLibrary">
<arg>${xpath_Consumption Months}</arg>
<doc>Verifies that element ``locator`` is found on the current page.</doc>
<msg timestamp="20230510 12:17:58.942" level="INFO">Current page contains element '//*[contains(text(),'Months')]'.</msg>
<status status="PASS" starttime="20230510 12:17:58.916" endtime="20230510 12:17:58.942"/>
</kw>
<kw name="Page Should Contain Element" library="SeleniumLibrary">
<arg>${xpath_Consumption Total}</arg>
<doc>Verifies that element ``locator`` is found on the current page.</doc>
<msg timestamp="20230510 12:17:59.057" level="INFO">Current page contains element '//*[contains(text(),'Total')]'.</msg>
<status status="PASS" starttime="20230510 12:17:58.946" endtime="20230510 12:17:59.057"/>
</kw>
<for flavor="IN RANGE">
<var>${i}</var>
<value>1</value>
<value>3</value>
<iter>
<var name="${i}">1</var>
<kw name="Click Element" library="SeleniumLibrary">
<arg>${xpath_Consumption Category}</arg>
<doc>Click the element identified by ``locator``.</doc>
<msg timestamp="20230510 12:17:59.059" level="INFO">Clicking element '//*[@id="mat-select-10"]'.</msg>
<status status="PASS" starttime="20230510 12:17:59.058" endtime="20230510 12:17:59.385"/>
</kw>
<if>
<branch type="IF" condition="${i} == 1">
<kw name="Click Element" library="SeleniumLibrary">
<arg>${xpath_Consumption Category Charging Stations}</arg>
<doc>Click the element identified by ``locator``.</doc>
<msg timestamp="20230510 12:17:59.386" level="INFO">Clicking element 'id:mat-option-0'.</msg>
<status status="PASS" starttime="20230510 12:17:59.385" endtime="20230510 12:18:00.072"/>
</kw>
<kw name="Get Element Attribute" library="SeleniumLibrary">
<var>${CC}</var>
<arg>${xpath_Consumption Category}</arg>
<arg>ng-reflect-value</arg>
<doc>Returns the value of ``attribute`` from the element ``locator``.</doc>
<msg timestamp="20230510 12:18:00.165" level="INFO">${CC} = C</msg>
<status status="PASS" starttime="20230510 12:18:00.072" endtime="20230510 12:18:00.165"/>
</kw>
<kw name="Should Be Equal As Strings" library="BuiltIn">
<arg>${CC}</arg>
<arg>C</arg>
<doc>Fails if objects are unequal after converting them to strings.</doc>
<status status="PASS" starttime="20230510 12:18:00.165" endtime="20230510 12:18:00.166"/>
</kw>
<status status="PASS" starttime="20230510 12:17:59.385" endtime="20230510 12:18:00.166"/>
</branch>
<status status="PASS" starttime="20230510 12:17:59.385" endtime="20230510 12:18:00.166"/>
</if>
<kw name="Sleep" library="BuiltIn">
<arg>2s</arg>
<doc>Pauses the test executed for the given time.</doc>
<msg timestamp="20230510 12:18:02.166" level="INFO">Slept 2 seconds</msg>
<status status="PASS" starttime="20230510 12:18:00.166" endtime="20230510 12:18:02.166"/>
</kw>
<if>
<branch type="IF" condition="${i} == 2">
<kw name="Click Element" library="SeleniumLibrary">
<arg>${xpath_Consumption Category User}</arg>
<doc>Click the element identified by ``locator``.</doc>
<status status="NOT RUN" starttime="20230510 12:18:02.167" endtime="20230510 12:18:02.167"/>
</kw>
<kw name="Get Element Attribute" library="SeleniumLibrary">
<var>${CU}</var>
<arg>${xpath_Consumption Category}</arg>
<arg>ng-reflect-value</arg>
<doc>Returns the value of ``attribute`` from the element ``locator``.</doc>
<status status="NOT RUN" starttime="20230510 12:18:02.167" endtime="20230510 12:18:02.167"/>
</kw>
<kw name="Should Be Equal As Strings" library="BuiltIn">
<arg>${CU}</arg>
<arg>U</arg>
<doc>Fails if objects are unequal after converting them to strings.</doc>
<status status="NOT RUN" starttime="20230510 12:18:02.167" endtime="20230510 12:18:02.167"/>
</kw>
<status status="NOT RUN" starttime="20230510 12:18:02.166" endtime="20230510 12:18:02.167"/>
</branch>
<status status="PASS" starttime="20230510 12:18:02.166" endtime="20230510 12:18:02.167"/>
</if>
<status status="PASS" starttime="20230510 12:17:59.058" endtime="20230510 12:18:02.167"/>
</iter>
<iter>
<var name="${i}">2</var>
<kw name="Click Element" library="SeleniumLibrary">
<arg>${xpath_Consumption Category}</arg>
<doc>Click the element identified by ``locator``.</doc>
<msg timestamp="20230510 12:18:02.168" level="INFO">Clicking element '//*[@id="mat-select-10"]'.</msg>
<status status="PASS" starttime="20230510 12:18:02.168" endtime="20230510 12:18:02.451"/>
</kw>
<if>
<branch type="IF" condition="${i} == 1">
<kw name="Click Element" library="SeleniumLibrary">
<arg>${xpath_Consumption Category Charging Stations}</arg>
<doc>Click the element identified by ``locator``.</doc>
<status status="NOT RUN" starttime="20230510 12:18:02.451" endtime="20230510 12:18:02.451"/>
</kw>
<kw name="Get Element Attribute" library="SeleniumLibrary">
<var>${CC}</var>
<arg>${xpath_Consumption Category}</arg>
<arg>ng-reflect-value</arg>
<doc>Returns the value of ``attribute`` from the element ``locator``.</doc>
<status status="NOT RUN" starttime="20230510 12:18:02.452" endtime="20230510 12:18:02.452"/>
</kw>
<kw name="Should Be Equal As Strings" library="BuiltIn">
<arg>${CC}</arg>
<arg>C</arg>
<doc>Fails if objects are unequal after converting them to strings.</doc>
<status status="NOT RUN" starttime="20230510 12:18:02.452" endtime="20230510 12:18:02.452"/>
</kw>
<status status="NOT RUN" starttime="20230510 12:18:02.451" endtime="20230510 12:18:02.452"/>
</branch>
<status status="PASS" starttime="20230510 12:18:02.451" endtime="20230510 12:18:02.452"/>
</if>
<kw name="Sleep" library="BuiltIn">
<arg>2s</arg>
<doc>Pauses the test executed for the given time.</doc>
<msg timestamp="20230510 12:18:04.453" level="INFO">Slept 2 seconds</msg>
<status status="PASS" starttime="20230510 12:18:02.452" endtime="20230510 12:18:04.453"/>
</kw>
<if>
<branch type="IF" condition="${i} == 2">
<kw name="Click Element" library="SeleniumLibrary">
<arg>${xpath_Consumption Category User}</arg>
<doc>Click the element identified by ``locator``.</doc>
<msg timestamp="20230510 12:18:04.454" level="INFO">Clicking element 'id:mat-option-1'.</msg>
<status status="PASS" starttime="20230510 12:18:04.453" endtime="20230510 12:18:04.888"/>
</kw>
<kw name="Get Element Attribute" library="SeleniumLibrary">
<var>${CU}</var>
<arg>${xpath_Consumption Category}</arg>
<arg>ng-reflect-value</arg>
<doc>Returns the value of ``attribute`` from the element ``locator``.</doc>
<msg timestamp="20230510 12:18:04.985" level="INFO">${CU} = U</msg>
<status status="PASS" starttime="20230510 12:18:04.888" endtime="20230510 12:18:04.985"/>
</kw>
<kw name="Should Be Equal As Strings" library="BuiltIn">
<arg>${CU}</arg>
<arg>U</arg>
<doc>Fails if objects are unequal after converting them to strings.</doc>
<status status="PASS" starttime="20230510 12:18:04.985" endtime="20230510 12:18:04.986"/>
</kw>
<status status="PASS" starttime="20230510 12:18:04.453" endtime="20230510 12:18:04.986"/>
</branch>
<status status="PASS" starttime="20230510 12:18:04.453" endtime="20230510 12:18:04.986"/>
</if>
<status status="PASS" starttime="20230510 12:18:02.168" endtime="20230510 12:18:04.986"/>
</iter>
<status status="PASS" starttime="20230510 12:17:59.057" endtime="20230510 12:18:04.986"/>
</for>
<for flavor="IN RANGE">
<var>${i}</var>
<value>1</value>
<value>3</value>
<iter>
<var name="${i}">1</var>
<kw name="Sleep" library="BuiltIn">
<arg>4s</arg>
<doc>Pauses the test executed for the given time.</doc>
<msg timestamp="20230510 12:18:08.988" level="INFO">Slept 4 seconds</msg>
<status status="PASS" starttime="20230510 12:18:04.987" endtime="20230510 12:18:08.988"/>
</kw>
<kw name="Click Element" library="SeleniumLibrary">
<arg>${xpath_Consumption Year}</arg>
<doc>Click the element identified by ``locator``.</doc>
<msg timestamp="20230510 12:18:08.988" level="INFO">Clicking element '//*[@id="mat-select-0"]'.</msg>
<status status="PASS" starttime="20230510 12:18:08.988" endtime="20230510 12:18:09.167"/>
</kw>
<if>
<branch type="IF" condition="${i} == 1">
<kw name="Click Element" library="SeleniumLibrary">
<arg>${xpath_Consumption Year 2023}</arg>
<doc>Click the element identified by ``locator``.</doc>
<msg timestamp="20230510 12:18:09.168" level="INFO">Clicking element 'id:mat-option-10'.</msg>
<status status="PASS" starttime="20230510 12:18:09.167" endtime="20230510 12:18:09.406"/>
</kw>
<kw name="Get Element Attribute" library="SeleniumLibrary">
<var>${C2}</var>
<arg>${xpath_Consumption Year}</arg>
<arg>ng-reflect-value</arg>
<doc>Returns the value of ``attribute`` from the element ``locator``.</doc>
<msg timestamp="20230510 12:18:09.435" level="INFO">${C2} = 2023</msg>
<status status="PASS" starttime="20230510 12:18:09.406" endtime="20230510 12:18:09.435"/>
</kw>
<kw name="Should Be Equal As Numbers" library="BuiltIn">
<arg>${C2}</arg>
<arg>2023</arg>
<doc>Fails if objects are unequal after converting them to real numbers.</doc>
<status status="PASS" starttime="20230510 12:18:09.435" endtime="20230510 12:18:09.435"/>
</kw>
<status status="PASS" starttime="20230510 12:18:09.167" endtime="20230510 12:18:09.435"/>
</branch>
<status status="PASS" starttime="20230510 12:18:09.167" endtime="20230510 12:18:09.435"/>
</if>
<kw name="Sleep" library="BuiltIn">
<arg>2s</arg>
<doc>Pauses the test executed for the given time.</doc>
<msg timestamp="20230510 12:18:11.437" level="INFO">Slept 2 seconds</msg>
<status status="PASS" starttime="20230510 12:18:09.435" endtime="20230510 12:18:11.437"/>
</kw>
<if>
<branch type="IF" condition="${i} == 2">
<kw name="Click Element" library="SeleniumLibrary">
<arg>${xpath_Consumption Year &lt;All&gt;}</arg>
<doc>Click the element identified by ``locator``.</doc>
<status status="NOT RUN" starttime="20230510 12:18:11.437" endtime="20230510 12:18:11.437"/>
</kw>
<kw name="Get Element Attribute" library="SeleniumLibrary">
<var>${CA}</var>
<arg>${xpath_Consumption Year}</arg>
<arg>ng-reflect-value</arg>
<doc>Returns the value of ``attribute`` from the element ``locator``.</doc>
<status status="NOT RUN" starttime="20230510 12:18:11.437" endtime="20230510 12:18:11.437"/>
</kw>
<kw name="Should Be Equal As Numbers" library="BuiltIn">
<arg>${CA}</arg>
<arg>0</arg>
<doc>Fails if objects are unequal after converting them to real numbers.</doc>
<status status="NOT RUN" starttime="20230510 12:18:11.437" endtime="20230510 12:18:11.437"/>
</kw>
<status status="NOT RUN" starttime="20230510 12:18:11.437" endtime="20230510 12:18:11.438"/>
</branch>
<status status="PASS" starttime="20230510 12:18:11.437" endtime="20230510 12:18:11.438"/>
</if>
<status status="PASS" starttime="20230510 12:18:04.987" endtime="20230510 12:18:11.438"/>
</iter>
<iter>
<var name="${i}">2</var>
<kw name="Sleep" library="BuiltIn">
<arg>4s</arg>
<doc>Pauses the test executed for the given time.</doc>
<msg timestamp="20230510 12:18:15.438" level="INFO">Slept 4 seconds</msg>
<status status="PASS" starttime="20230510 12:18:11.438" endtime="20230510 12:18:15.438"/>
</kw>
<kw name="Click Element" library="SeleniumLibrary">
<arg>${xpath_Consumption Year}</arg>
<doc>Click the element identified by ``locator``.</doc>
<msg timestamp="20230510 12:18:15.438" level="INFO">Clicking element '//*[@id="mat-select-0"]'.</msg>
<status status="PASS" starttime="20230510 12:18:15.438" endtime="20230510 12:18:15.623"/>
</kw>
<if>
<branch type="IF" condition="${i} == 1">
<kw name="Click Element" library="SeleniumLibrary">
<arg>${xpath_Consumption Year 2023}</arg>
<doc>Click the element identified by ``locator``.</doc>
<status status="NOT RUN" starttime="20230510 12:18:15.625" endtime="20230510 12:18:15.625"/>
</kw>
<kw name="Get Element Attribute" library="SeleniumLibrary">
<var>${C2}</var>
<arg>${xpath_Consumption Year}</arg>
<arg>ng-reflect-value</arg>
<doc>Returns the value of ``attribute`` from the element ``locator``.</doc>
<status status="NOT RUN" starttime="20230510 12:18:15.625" endtime="20230510 12:18:15.625"/>
</kw>
<kw name="Should Be Equal As Numbers" library="BuiltIn">
<arg>${C2}</arg>
<arg>2023</arg>
<doc>Fails if objects are unequal after converting them to real numbers.</doc>
<status status="NOT RUN" starttime="20230510 12:18:15.625" endtime="20230510 12:18:15.625"/>
</kw>
<status status="NOT RUN" starttime="20230510 12:18:15.625" endtime="20230510 12:18:15.625"/>
</branch>
<status status="PASS" starttime="20230510 12:18:15.625" endtime="20230510 12:18:15.625"/>
</if>
<kw name="Sleep" library="BuiltIn">
<arg>2s</arg>
<doc>Pauses the test executed for the given time.</doc>
<msg timestamp="20230510 12:18:17.626" level="INFO">Slept 2 seconds</msg>
<status status="PASS" starttime="20230510 12:18:15.625" endtime="20230510 12:18:17.626"/>
</kw>
<if>
<branch type="IF" condition="${i} == 2">
<kw name="Click Element" library="SeleniumLibrary">
<arg>${xpath_Consumption Year &lt;All&gt;}</arg>
<doc>Click the element identified by ``locator``.</doc>
<msg timestamp="20230510 12:18:17.627" level="INFO">Clicking element 'id:mat-option-11'.</msg>
<status status="PASS" starttime="20230510 12:18:17.626" endtime="20230510 12:18:17.835"/>
</kw>
<kw name="Get Element Attribute" library="SeleniumLibrary">
<var>${CA}</var>
<arg>${xpath_Consumption Year}</arg>
<arg>ng-reflect-value</arg>
<doc>Returns the value of ``attribute`` from the element ``locator``.</doc>
<msg timestamp="20230510 12:18:17.866" level="INFO">${CA} = 0</msg>
<status status="PASS" starttime="20230510 12:18:17.835" endtime="20230510 12:18:17.866"/>
</kw>
<kw name="Should Be Equal As Numbers" library="BuiltIn">
<arg>${CA}</arg>
<arg>0</arg>
<doc>Fails if objects are unequal after converting them to real numbers.</doc>
<status status="PASS" starttime="20230510 12:18:17.866" endtime="20230510 12:18:17.867"/>
</kw>
<status status="PASS" starttime="20230510 12:18:17.626" endtime="20230510 12:18:17.867"/>
</branch>
<status status="PASS" starttime="20230510 12:18:17.626" endtime="20230510 12:18:17.867"/>
</if>
<status status="PASS" starttime="20230510 12:18:11.438" endtime="20230510 12:18:17.867"/>
</iter>
<status status="PASS" starttime="20230510 12:18:04.986" endtime="20230510 12:18:17.867"/>
</for>
<kw name="Sleep" library="BuiltIn">
<arg>7s</arg>
<doc>Pauses the test executed for the given time.</doc>
<msg timestamp="20230510 12:18:24.869" level="INFO">Slept 7 seconds</msg>
<status status="PASS" starttime="20230510 12:18:17.867" endtime="20230510 12:18:24.870"/>
</kw>
<kw name="Press Keys" library="SeleniumLibrary">
<arg>${xpath_Consumption Date}</arg>
<arg>CTRL+a</arg>
<arg>BACKSPACE</arg>
<doc>Simulates the user pressing key(s) to an element or on the active browser.</doc>
<msg timestamp="20230510 12:18:24.874" level="INFO">Sending key(s) ('CTRL+a', 'BACKSPACE') to //*[@id="mat-input-2"] element.</msg>
<msg timestamp="20230510 12:18:25.801" level="INFO">Pressing special key CONTROL down.</msg>
<msg timestamp="20230510 12:18:25.801" level="INFO">Sending key a</msg>
<msg timestamp="20230510 12:18:25.801" level="INFO">Releasing special key CONTROL.</msg>
<msg timestamp="20230510 12:18:26.077" level="INFO">Pressing special key BACKSPACE to element.</msg>
<msg timestamp="20230510 12:18:26.078" level="INFO">Releasing special key BACKSPACE.</msg>
<status status="PASS" starttime="20230510 12:18:24.873" endtime="20230510 12:18:26.302"/>
</kw>
<kw name="Input Text" library="SeleniumLibrary">
<arg>${xpath_Consumption Date}</arg>
<arg>${Consumption Date}</arg>
<doc>Types the given ``text`` into the text field identified by ``locator``.</doc>
<msg timestamp="20230510 12:18:26.309" level="INFO">Typing text 'Feb 1, 2023 12:00 AM - Apr 18, 2023 11:59 PM' into text field '//*[@id="mat-input-2"]'.</msg>
<status status="PASS" starttime="20230510 12:18:26.308" endtime="20230510 12:18:31.467"/>
</kw>
<kw name="Click Button" library="SeleniumLibrary">
<arg>${xpath_Consumption Date Button Apply}</arg>
<doc>Clicks the button identified by ``locator``.</doc>
<msg timestamp="20230510 12:18:31.468" level="INFO">Clicking button '//*[contains(text(),'Apply')]'.</msg>
<status status="PASS" starttime="20230510 12:18:31.467" endtime="20230510 12:18:32.695"/>
</kw>
<kw name="Sleep" library="BuiltIn">
<arg>3s</arg>
<doc>Pauses the test executed for the given time.</doc>
<msg timestamp="20230510 12:18:35.697" level="INFO">Slept 3 seconds</msg>
<status status="PASS" starttime="20230510 12:18:32.696" endtime="20230510 12:18:35.697"/>
</kw>
<kw name="Click Element" library="SeleniumLibrary">
<arg>${xpath_Consumption Sites}</arg>
<doc>Click the element identified by ``locator``.</doc>
<msg timestamp="20230510 12:18:35.699" level="INFO">Clicking element '//*[@id="mat-input-3"]'.</msg>
<status status="PASS" starttime="20230510 12:18:35.698" endtime="20230510 12:18:36.934"/>
</kw>
<kw name="Sleep" library="BuiltIn">
<arg>3s</arg>
<doc>Pauses the test executed for the given time.</doc>
<msg timestamp="20230510 12:18:39.937" level="INFO">Slept 3 seconds</msg>
<status status="PASS" starttime="20230510 12:18:36.936" endtime="20230510 12:18:39.937"/>
</kw>
<kw name="Page Should Contain Element" library="SeleniumLibrary">
<arg>${xpath_Consumption Sites Table}</arg>
<doc>Verifies that element ``locator`` is found on the current page.</doc>
<msg timestamp="20230510 12:18:39.992" level="INFO">Current page contains element 'id:mat-dialog-2'.</msg>
<status status="PASS" starttime="20230510 12:18:39.938" endtime="20230510 12:18:39.992"/>
</kw>
<kw name="Click Element" library="SeleniumLibrary">
<arg>${xpath_Consumption Sites Table Exit}</arg>
<doc>Click the element identified by ``locator``.</doc>
<msg timestamp="20230510 12:18:39.994" level="INFO">Clicking element '//*[@id="mat-dialog-2"]/ng-component/div/div/div/button[2]'.</msg>
<status status="PASS" starttime="20230510 12:18:39.993" endtime="20230510 12:18:40.807"/>
</kw>
<kw name="Press Keys" library="SeleniumLibrary">
<arg>${xpath_Consumption Site Areas}</arg>
<arg>\\13</arg>
<doc>Simulates the user pressing key(s) to an element or on the active browser.</doc>
<msg timestamp="20230510 12:18:40.809" level="INFO">Sending key(s) ('\\13',) to //*[@id="mat-input-4"] element.</msg>
<msg timestamp="20230510 12:18:42.266" level="INFO">Sending keys \13</msg>
<status status="PASS" starttime="20230510 12:18:40.808" endtime="20230510 12:18:42.801"/>
</kw>
<kw name="Sleep" library="BuiltIn">
<arg>3s</arg>
<doc>Pauses the test executed for the given time.</doc>
<msg timestamp="20230510 12:18:45.804" level="INFO">Slept 3 seconds</msg>
<status status="PASS" starttime="20230510 12:18:42.803" endtime="20230510 12:18:45.804"/>
</kw>
<kw name="Page Should Contain Element" library="SeleniumLibrary">
<arg>${xpath_Consumption Site Areas Table}</arg>
<doc>Verifies that element ``locator`` is found on the current page.</doc>
<msg timestamp="20230510 12:18:45.854" level="INFO">Current page contains element 'id:mat-dialog-3'.</msg>
<status status="PASS" starttime="20230510 12:18:45.804" endtime="20230510 12:18:45.854"/>
</kw>
<kw name="Click Element" library="SeleniumLibrary">
<arg>${xpath_Consumption Site Areas Table Exit}</arg>
<doc>Click the element identified by ``locator``.</doc>
<msg timestamp="20230510 12:18:45.856" level="INFO">Clicking element '//*[@id="mat-dialog-3"]/ng-component/div/div/div/button[2]'.</msg>
<status status="PASS" starttime="20230510 12:18:45.856" endtime="20230510 12:18:46.486"/>
</kw>
<kw name="Click Element" library="SeleniumLibrary">
<arg>${xpath_Consumption SELECT CHARGING STATION}</arg>
<doc>Click the element identified by ``locator``.</doc>
<msg timestamp="20230510 12:18:46.487" level="INFO">Clicking element '//*[@id="mat-input-5"]'.</msg>
<status status="PASS" starttime="20230510 12:18:46.486" endtime="20230510 12:18:47.958"/>
</kw>
<kw name="Page Should Contain Element" library="SeleniumLibrary">
<arg>${xpath_Consumption SELECT CHARGING STATION Table}</arg>
<doc>Verifies that element ``locator`` is found on the current page.</doc>
<msg timestamp="20230510 12:18:48.544" level="INFO">Current page contains element '//*[@id="mat-dialog-4"]'.</msg>
<status status="PASS" starttime="20230510 12:18:47.961" endtime="20230510 12:18:48.545"/>
</kw>
<kw name="Click Element" library="SeleniumLibrary">
<arg>${xpath_Consumption SELECT CHARGING STATION Table Exit}</arg>
<doc>Click the element identified by ``locator``.</doc>
<msg timestamp="20230510 12:18:48.547" level="INFO">Clicking element '//*[@id="mat-dialog-4"]/ng-component/div/div/div/button[2]'.</msg>
<status status="PASS" starttime="20230510 12:18:48.546" endtime="20230510 12:18:49.409"/>
</kw>
<kw name="Click Element" library="SeleniumLibrary">
<arg>${xpath_Consumption SELECT USER}</arg>
<doc>Click the element identified by ``locator``.</doc>
<msg timestamp="20230510 12:18:49.411" level="INFO">Clicking element '//*[@id="mat-input-6"]'.</msg>
<status status="PASS" starttime="20230510 12:18:49.411" endtime="20230510 12:18:50.837"/>
</kw>
<kw name="Page Should Contain Element" library="SeleniumLibrary">
<arg>${xpath_Consumption SELECT USER Table}</arg>
<doc>Verifies that element ``locator`` is found on the current page.</doc>
<msg timestamp="20230510 12:18:51.096" level="INFO">Current page contains element '//*[@id="mat-dialog-5"]'.</msg>
<status status="PASS" starttime="20230510 12:18:50.838" endtime="20230510 12:18:51.096"/>
</kw>
<kw name="Click Element" library="SeleniumLibrary">
<arg>${xpath_Consumption SELECT USER Table Exit}</arg>
<doc>Click the element identified by ``locator``.</doc>
<msg timestamp="20230510 12:18:51.097" level="INFO">Clicking element '//*[@id="mat-dialog-5"]/ng-component/div/div/div/button[2]'.</msg>
<status status="PASS" starttime="20230510 12:18:51.096" endtime="20230510 12:18:52.357"/>
</kw>
<status status="PASS" starttime="20230510 12:17:49.579" endtime="20230510 12:18:52.357"/>
</test>
<test id="s1-s2-t3" name="tester dashboard Usage" line="276">
<kw name="Execute Javascript" library="SeleniumLibrary">
<arg>window.scrollTo(180, 1520)</arg>
<doc>Executes the given JavaScript code with possible arguments.</doc>
<msg timestamp="20230510 12:18:52.362" level="INFO">Executing JavaScript:
window.scrollTo(180, 1520)
Without any arguments.</msg>
<status status="PASS" starttime="20230510 12:18:52.360" endtime="20230510 12:18:52.891"/>
</kw>
<kw name="Sleep" library="BuiltIn">
<arg>2s</arg>
<doc>Pauses the test executed for the given time.</doc>
<msg timestamp="20230510 12:18:54.894" level="INFO">Slept 2 seconds</msg>
<status status="PASS" starttime="20230510 12:18:52.893" endtime="20230510 12:18:54.894"/>
</kw>
<kw name="Page Should Contain Element" library="SeleniumLibrary">
<arg>${xpath_Usage}</arg>
<doc>Verifies that element ``locator`` is found on the current page.</doc>
<msg timestamp="20230510 12:18:54.958" level="INFO">Current page contains element '//*[contains(text(),'Usage')]'.</msg>
<status status="PASS" starttime="20230510 12:18:54.894" endtime="20230510 12:18:54.958"/>
</kw>
<for flavor="IN RANGE">
<var>${i}</var>
<value>1</value>
<value>3</value>
<iter>
<var name="${i}">1</var>
<kw name="Press Keys" library="SeleniumLibrary">
<arg>${xpath_Usage Export}</arg>
<arg>\\13</arg>
<doc>Simulates the user pressing key(s) to an element or on the active browser.</doc>
<msg timestamp="20230510 12:18:54.959" level="INFO">Sending key(s) ('\\13',) to //*[contains(text(),'Export')] element.</msg>
<msg timestamp="20230510 12:18:55.534" level="INFO" html="true">&lt;/td&gt;&lt;/tr&gt;&lt;tr&gt;&lt;td colspan="3"&gt;&lt;a href="selenium-screenshot-168.png"&gt;&lt;img src="selenium-screenshot-168.png" width="800px"&gt;&lt;/a&gt;</msg>
<msg timestamp="20230510 12:18:55.534" level="FAIL">MoveTargetOutOfBoundsException: Message: move target out of bounds
  (Session info: chrome=113.0.5672.63)
Stacktrace:
Backtrace:
	GetHandleVerifier [0x00DA8893+48451]
	(No symbol) [0x00D3B8A1]
	(No symbol) [0x00C44F20]
	(No symbol) [0x00CA3209]
	(No symbol) [0x00C8A2BC]
	(No symbol) [0x00C9C482]
	(No symbol) [0x00C8A0B6]
	(No symbol) [0x00C67E08]
	(No symbol) [0x00C68F2D]
	GetHandleVerifier [0x01008E3A+2540266]
	GetHandleVerifier [0x01048959+2801161]
	GetHandleVerifier [0x0104295C+2776588]
	GetHandleVerifier [0x00E32280+612144]
	(No symbol) [0x00D44F6C]
	(No symbol) [0x00D411D8]
	(No symbol) [0x00D412BB]
	(No symbol) [0x00D34857]
	BaseThreadInitThunk [0x74EF7D49+25]
	RtlInitializeExceptionChain [0x7701B74B+107]
	RtlClearBits [0x7701B6CF+191]
</msg>
<status status="FAIL" starttime="20230510 12:18:54.959" endtime="20230510 12:18:55.864"/>
</kw>
<kw name="Run Keyword If" library="BuiltIn">
<arg>${i} == 1</arg>
<arg>Usage Export Yes</arg>
<doc>Runs the given keyword with the given arguments, if ``condition`` is true.</doc>
<status status="NOT RUN" starttime="20230510 12:18:55.865" endtime="20230510 12:18:55.865"/>
</kw>
<kw name="Sleep" library="BuiltIn">
<arg>2s</arg>
<doc>Pauses the test executed for the given time.</doc>
<status status="NOT RUN" starttime="20230510 12:18:55.865" endtime="20230510 12:18:55.865"/>
</kw>
<kw name="Run Keyword If" library="BuiltIn">
<arg>${i} == 2</arg>
<arg>Usage Export No</arg>
<doc>Runs the given keyword with the given arguments, if ``condition`` is true.</doc>
<status status="NOT RUN" starttime="20230510 12:18:55.866" endtime="20230510 12:18:55.866"/>
</kw>
<status status="FAIL" starttime="20230510 12:18:54.959" endtime="20230510 12:18:55.866"/>
</iter>
<status status="FAIL" starttime="20230510 12:18:54.959" endtime="20230510 12:18:55.866"/>
</for>
<kw name="Click Element" library="SeleniumLibrary">
<arg>${xpath_Usage Reset Filters}</arg>
<doc>Click the element identified by ``locator``.</doc>
<status status="NOT RUN" starttime="20230510 12:18:55.867" endtime="20230510 12:18:55.867"/>
</kw>
<kw name="Click Element" library="SeleniumLibrary">
<arg>${xpath_Usage Total}</arg>
<doc>Click the element identified by ``locator``.</doc>
<status status="NOT RUN" starttime="20230510 12:18:55.867" endtime="20230510 12:18:55.868"/>
</kw>
<kw name="Click Element" library="SeleniumLibrary">
<arg>${xpath_Usage Months}</arg>
<doc>Click the element identified by ``locator``.</doc>
<status status="NOT RUN" starttime="20230510 12:18:55.868" endtime="20230510 12:18:55.868"/>
</kw>
<for flavor="IN RANGE">
<var>${i}</var>
<value>1</value>
<value>3</value>
<iter>
<var name="${i}"/>
<kw name="Click Element" library="SeleniumLibrary">
<arg>${xpath_Usage Category}</arg>
<doc>Click the element identified by ``locator``.</doc>
<status status="NOT RUN" starttime="20230510 12:18:55.868" endtime="20230510 12:18:55.869"/>
</kw>
<if>
<branch type="IF" condition="${i} == 1">
<kw name="Click Element" library="SeleniumLibrary">
<arg>${xpath_Usage Category Charging Stations}</arg>
<doc>Click the element identified by ``locator``.</doc>
<status status="NOT RUN" starttime="20230510 12:18:55.869" endtime="20230510 12:18:55.869"/>
</kw>
<kw name="Get Element Attribute" library="SeleniumLibrary">
<var>${UC}</var>
<arg>${xpath_Usage Category}</arg>
<arg>ng-reflect-value</arg>
<doc>Returns the value of ``attribute`` from the element ``locator``.</doc>
<status status="NOT RUN" starttime="20230510 12:18:55.869" endtime="20230510 12:18:55.869"/>
</kw>
<kw name="Should Be Equal As Strings" library="BuiltIn">
<arg>${UC}</arg>
<arg>C</arg>
<doc>Fails if objects are unequal after converting them to strings.</doc>
<status status="NOT RUN" starttime="20230510 12:18:55.874" endtime="20230510 12:18:55.874"/>
</kw>
<status status="NOT RUN" starttime="20230510 12:18:55.869" endtime="20230510 12:18:55.874"/>
</branch>
<status status="NOT RUN" starttime="20230510 12:18:55.869" endtime="20230510 12:18:55.874"/>
</if>
<if>
<branch type="IF" condition="${i} == 2">
<kw name="Click Element" library="SeleniumLibrary">
<arg>${xpath_Usage Category User}</arg>
<doc>Click the element identified by ``locator``.</doc>
<status status="NOT RUN" starttime="20230510 12:18:55.875" endtime="20230510 12:18:55.875"/>
</kw>
<kw name="Get Element Attribute" library="SeleniumLibrary">
<var>${UU}</var>
<arg>${xpath_Usage Category}</arg>
<arg>ng-reflect-value</arg>
<doc>Returns the value of ``attribute`` from the element ``locator``.</doc>
<status status="NOT RUN" starttime="20230510 12:18:55.875" endtime="20230510 12:18:55.875"/>
</kw>
<kw name="Should Be Equal As Strings" library="BuiltIn">
<arg>${UU}</arg>
<arg>U</arg>
<doc>Fails if objects are unequal after converting them to strings.</doc>
<status status="NOT RUN" starttime="20230510 12:18:55.875" endtime="20230510 12:18:55.875"/>
</kw>
<status status="NOT RUN" starttime="20230510 12:18:55.874" endtime="20230510 12:18:55.875"/>
</branch>
<status status="NOT RUN" starttime="20230510 12:18:55.874" endtime="20230510 12:18:55.875"/>
</if>
<status status="NOT RUN" starttime="20230510 12:18:55.868" endtime="20230510 12:18:55.875"/>
</iter>
<status status="NOT RUN" starttime="20230510 12:18:55.868" endtime="20230510 12:18:55.875"/>
</for>
<for flavor="IN RANGE">
<var>${i}</var>
<value>1</value>
<value>3</value>
<iter>
<var name="${i}"/>
<kw name="Sleep" library="BuiltIn">
<arg>2s</arg>
<doc>Pauses the test executed for the given time.</doc>
<status status="NOT RUN" starttime="20230510 12:18:55.876" endtime="20230510 12:18:55.876"/>
</kw>
<kw name="Click Element" library="SeleniumLibrary">
<arg>${xpath_Usage Year}</arg>
<doc>Click the element identified by ``locator``.</doc>
<status status="NOT RUN" starttime="20230510 12:18:55.876" endtime="20230510 12:18:55.876"/>
</kw>
<if>
<branch type="IF" condition="${i} == 1">
<kw name="Click Element" library="SeleniumLibrary">
<arg>${xpath_Usage Year 2023}</arg>
<doc>Click the element identified by ``locator``.</doc>
<status status="NOT RUN" starttime="20230510 12:18:55.876" endtime="20230510 12:18:55.876"/>
</kw>
<kw name="Get Element Attribute" library="SeleniumLibrary">
<var>${U2}</var>
<arg>${xpath_Usage Year}</arg>
<arg>ng-reflect-value</arg>
<doc>Returns the value of ``attribute`` from the element ``locator``.</doc>
<status status="NOT RUN" starttime="20230510 12:18:55.876" endtime="20230510 12:18:55.876"/>
</kw>
<kw name="Should Be Equal As Numbers" library="BuiltIn">
<arg>${U2}</arg>
<arg>2023</arg>
<doc>Fails if objects are unequal after converting them to real numbers.</doc>
<status status="NOT RUN" starttime="20230510 12:18:55.877" endtime="20230510 12:18:55.877"/>
</kw>
<status status="NOT RUN" starttime="20230510 12:18:55.876" endtime="20230510 12:18:55.877"/>
</branch>
<status status="NOT RUN" starttime="20230510 12:18:55.876" endtime="20230510 12:18:55.877"/>
</if>
<if>
<branch type="IF" condition="${i} == 2">
<kw name="Click Element" library="SeleniumLibrary">
<arg>${xpath_Usage Year &lt;All&gt;}</arg>
<doc>Click the element identified by ``locator``.</doc>
<status status="NOT RUN" starttime="20230510 12:18:55.877" endtime="20230510 12:18:55.877"/>
</kw>
<kw name="Get Element Attribute" library="SeleniumLibrary">
<var>${UA}</var>
<arg>${xpath_Usage Year}</arg>
<arg>ng-reflect-value</arg>
<doc>Returns the value of ``attribute`` from the element ``locator``.</doc>
<status status="NOT RUN" starttime="20230510 12:18:55.877" endtime="20230510 12:18:55.877"/>
</kw>
<kw name="Should Be Equal As Numbers" library="BuiltIn">
<arg>${UA}</arg>
<arg>0</arg>
<doc>Fails if objects are unequal after converting them to real numbers.</doc>
<status status="NOT RUN" starttime="20230510 12:18:55.877" endtime="20230510 12:18:55.877"/>
</kw>
<status status="NOT RUN" starttime="20230510 12:18:55.877" endtime="20230510 12:18:55.877"/>
</branch>
<status status="NOT RUN" starttime="20230510 12:18:55.877" endtime="20230510 12:18:55.877"/>
</if>
<status status="NOT RUN" starttime="20230510 12:18:55.876" endtime="20230510 12:18:55.877"/>
</iter>
<status status="NOT RUN" starttime="20230510 12:18:55.875" endtime="20230510 12:18:55.878"/>
</for>
<kw name="Sleep" library="BuiltIn">
<arg>3s</arg>
<doc>Pauses the test executed for the given time.</doc>
<status status="NOT RUN" starttime="20230510 12:18:55.883" endtime="20230510 12:18:55.883"/>
</kw>
<kw name="Press Keys" library="SeleniumLibrary">
<arg>${xpath_Usage Date}</arg>
<arg>CTRL+a</arg>
<arg>BACKSPACE</arg>
<doc>Simulates the user pressing key(s) to an element or on the active browser.</doc>
<status status="NOT RUN" starttime="20230510 12:18:55.884" endtime="20230510 12:18:55.885"/>
</kw>
<kw name="Input Text" library="SeleniumLibrary">
<arg>${xpath_Usage Date}</arg>
<arg>${Usage Date}</arg>
<doc>Types the given ``text`` into the text field identified by ``locator``.</doc>
<status status="NOT RUN" starttime="20230510 12:18:55.885" endtime="20230510 12:18:55.885"/>
</kw>
<kw name="Click Button" library="SeleniumLibrary">
<arg>${xpath_Usage Date Button Apply}</arg>
<doc>Clicks the button identified by ``locator``.</doc>
<status status="NOT RUN" starttime="20230510 12:18:55.886" endtime="20230510 12:18:55.886"/>
</kw>
<kw name="Sleep" library="BuiltIn">
<arg>3s</arg>
<doc>Pauses the test executed for the given time.</doc>
<status status="NOT RUN" starttime="20230510 12:18:55.886" endtime="20230510 12:18:55.886"/>
</kw>
<kw name="Click Element" library="SeleniumLibrary">
<arg>${xpath_Usage Sites}</arg>
<doc>Click the element identified by ``locator``.</doc>
<status status="NOT RUN" starttime="20230510 12:18:55.888" endtime="20230510 12:18:55.888"/>
</kw>
<kw name="Page Should Contain Element" library="SeleniumLibrary">
<arg>${xpath_Usage Sites Table}</arg>
<doc>Verifies that element ``locator`` is found on the current page.</doc>
<status status="NOT RUN" starttime="20230510 12:18:55.888" endtime="20230510 12:18:55.888"/>
</kw>
<kw name="Click Element" library="SeleniumLibrary">
<arg>${xpath_Usage Sites Table Exit}</arg>
<doc>Click the element identified by ``locator``.</doc>
<status status="NOT RUN" starttime="20230510 12:18:55.888" endtime="20230510 12:18:55.888"/>
</kw>
<kw name="Click Element" library="SeleniumLibrary">
<arg>${xpath_Usage Site Areas}</arg>
<doc>Click the element identified by ``locator``.</doc>
<status status="NOT RUN" starttime="20230510 12:18:55.889" endtime="20230510 12:18:55.889"/>
</kw>
<kw name="Page Should Contain Element" library="SeleniumLibrary">
<arg>${xpath_Usage Site Areas Table}</arg>
<doc>Verifies that element ``locator`` is found on the current page.</doc>
<status status="NOT RUN" starttime="20230510 12:18:55.889" endtime="20230510 12:18:55.889"/>
</kw>
<kw name="Click Element" library="SeleniumLibrary">
<arg>${xpath_Usage Site Areas Table Exit}</arg>
<doc>Click the element identified by ``locator``.</doc>
<status status="NOT RUN" starttime="20230510 12:18:55.890" endtime="20230510 12:18:55.890"/>
</kw>
<kw name="Click Element" library="SeleniumLibrary">
<arg>${xpath_Usage SELECT CHARGING STATION}</arg>
<doc>Click the element identified by ``locator``.</doc>
<status status="NOT RUN" starttime="20230510 12:18:55.890" endtime="20230510 12:18:55.890"/>
</kw>
<kw name="Page Should Contain Element" library="SeleniumLibrary">
<arg>${xpath_Usage SELECT CHARGING STATION Table}</arg>
<doc>Verifies that element ``locator`` is found on the current page.</doc>
<status status="NOT RUN" starttime="20230510 12:18:55.891" endtime="20230510 12:18:55.891"/>
</kw>
<kw name="Click Element" library="SeleniumLibrary">
<arg>${xpath_Usage SELECT CHARGING STATION Table Exit}</arg>
<doc>Click the element identified by ``locator``.</doc>
<status status="NOT RUN" starttime="20230510 12:18:55.895" endtime="20230510 12:18:55.895"/>
</kw>
<kw name="Click Element" library="SeleniumLibrary">
<arg>${xpath_Usage SELECT USER}</arg>
<doc>Click the element identified by ``locator``.</doc>
<status status="NOT RUN" starttime="20230510 12:18:55.896" endtime="20230510 12:18:55.896"/>
</kw>
<kw name="Page Should Contain Element" library="SeleniumLibrary">
<arg>${xpath_Usage SELECT USER Table}</arg>
<doc>Verifies that element ``locator`` is found on the current page.</doc>
<status status="NOT RUN" starttime="20230510 12:18:55.896" endtime="20230510 12:18:55.896"/>
</kw>
<kw name="Click Element" library="SeleniumLibrary">
<arg>${xpath_Usage SELECT USER Table Exit}</arg>
<doc>Click the element identified by ``locator``.</doc>
<status status="NOT RUN" starttime="20230510 12:18:55.897" endtime="20230510 12:18:55.897"/>
</kw>
<status status="FAIL" starttime="20230510 12:18:52.359" endtime="20230510 12:18:55.898">MoveTargetOutOfBoundsException: Message: move target out of bounds
  (Session info: chrome=113.0.5672.63)
Stacktrace:
Backtrace:
	GetHandleVerifier [0x00DA8893+48451]
	(No symbol) [0x00D3B8A1]
	(No symbol) [0x00C44F20]
	(No symbol) [0x00CA3209]
	(No symbol) [0x00C8A2BC]
	(No symbol) [0x00C9C482]
	(No symbol) [0x00C8A0B6]
	(No symbol) [0x00C67E08]
	(No symbol) [0x00C68F2D]
	GetHandleVerifier [0x01008E3A+2540266]
	GetHandleVerifier [0x01048959+2801161]
	GetHandleVerifier [0x0104295C+2776588]
	GetHandleVerifier [0x00E32280+612144]
	(No symbol) [0x00D44F6C]
	(No symbol) [0x00D411D8]
	(No symbol) [0x00D412BB]
	(No symbol) [0x00D34857]
	BaseThreadInitThunk [0x74EF7D49+25]
	RtlInitializeExceptionChain [0x7701B74B+107]
	RtlClearBits [0x7701B6CF+191]
</status>
</test>
<test id="s1-s2-t4" name="tester dashboard Inactivity" line="334">
<kw name="Execute Javascript" library="SeleniumLibrary">
<arg>window.scrollTo(180, 2300)</arg>
<doc>Executes the given JavaScript code with possible arguments.</doc>
<msg timestamp="20230510 12:18:55.906" level="INFO">Executing JavaScript:
window.scrollTo(180, 2300)
Without any arguments.</msg>
<status status="PASS" starttime="20230510 12:18:55.905" endtime="20230510 12:18:55.948"/>
</kw>
<kw name="Sleep" library="BuiltIn">
<arg>2s</arg>
<doc>Pauses the test executed for the given time.</doc>
<msg timestamp="20230510 12:18:57.949" level="INFO">Slept 2 seconds</msg>
<status status="PASS" starttime="20230510 12:18:55.949" endtime="20230510 12:18:57.949"/>
</kw>
<kw name="Page Should Contain Element" library="SeleniumLibrary">
<arg>${xpath_Inactivity}</arg>
<doc>Verifies that element ``locator`` is found on the current page.</doc>
<msg timestamp="20230510 12:18:58.017" level="INFO">Current page contains element '//*[contains(text(),'Inactivity')]'.</msg>
<status status="PASS" starttime="20230510 12:18:57.949" endtime="20230510 12:18:58.017"/>
</kw>
<for flavor="IN RANGE">
<var>${i}</var>
<value>1</value>
<value>3</value>
<iter>
<var name="${i}">1</var>
<kw name="Click Element" library="SeleniumLibrary">
<arg>${xpath_Inactivity Export}</arg>
<doc>Click the element identified by ``locator``.</doc>
<msg timestamp="20230510 12:18:58.019" level="INFO">Clicking element '//*[contains(text(),'Export')]'.</msg>
<msg timestamp="20230510 12:18:59.990" level="INFO" html="true">&lt;/td&gt;&lt;/tr&gt;&lt;tr&gt;&lt;td colspan="3"&gt;&lt;a href="selenium-screenshot-169.png"&gt;&lt;img src="selenium-screenshot-169.png" width="800px"&gt;&lt;/a&gt;</msg>
<msg timestamp="20230510 12:18:59.990" level="FAIL">ElementClickInterceptedException: Message: element click intercepted: Element is not clickable at point (371, -1404)
  (Session info: chrome=113.0.5672.63)
Stacktrace:
Backtrace:
	GetHandleVerifier [0x00DA8893+48451]
	(No symbol) [0x00D3B8A1]
	(No symbol) [0x00C45058]
	(No symbol) [0x00C74BA4]
	(No symbol) [0x00C736E8]
	(No symbol) [0x00C71EEB]
	(No symbol) [0x00C712FE]
	(No symbol) [0x00C69AAC]
	(No symbol) [0x00C8A2BC]
	(No symbol) [0x00C69586]
	(No symbol) [0x00C8A614]
	(No symbol) [0x00C9C482]
	(No symbol) [0x00C8A0B6]
	(No symbol) [0x00C67E08]
	(No symbol) [0x00C68F2D]
	GetHandleVerifier [0x01008E3A+2540266]
	GetHandleVerifier [0x01048959+2801161]
	GetHandleVerifier [0x0104295C+2776588]
	GetHandleVerifier [0x00E32280+612144]
	(No symbol) [0x00D44F6C]
	(No symbol) [0x00D411D8]
	(No symbol) [0x00D412BB]
	(No symbol) [0x00D34857]
	BaseThreadInitThunk [0x74EF7D49+25]
	RtlInitializeExceptionChain [0x7701B74B+107]
	RtlClearBits [0x7701B6CF+191]
</msg>
<status status="FAIL" starttime="20230510 12:18:58.018" endtime="20230510 12:19:00.007"/>
</kw>
<kw name="Run Keyword If" library="BuiltIn">
<arg>${i} == 1</arg>
<arg>Inactivity Export Yes</arg>
<doc>Runs the given keyword with the given arguments, if ``condition`` is true.</doc>
<status status="NOT RUN" starttime="20230510 12:19:00.007" endtime="20230510 12:19:00.008"/>
</kw>
<kw name="Sleep" library="BuiltIn">
<arg>2s</arg>
<doc>Pauses the test executed for the given time.</doc>
<status status="NOT RUN" starttime="20230510 12:19:00.008" endtime="20230510 12:19:00.008"/>
</kw>
<kw name="Run Keyword If" library="BuiltIn">
<arg>${i} == 2</arg>
<arg>Inactivity Export No</arg>
<doc>Runs the given keyword with the given arguments, if ``condition`` is true.</doc>
<status status="NOT RUN" starttime="20230510 12:19:00.008" endtime="20230510 12:19:00.008"/>
</kw>
<status status="FAIL" starttime="20230510 12:18:58.018" endtime="20230510 12:19:00.008"/>
</iter>
<status status="FAIL" starttime="20230510 12:18:58.017" endtime="20230510 12:19:00.009"/>
</for>
<kw name="Click Element" library="SeleniumLibrary">
<arg>${xpath_Inactivity Reset Filters}</arg>
<doc>Click the element identified by ``locator``.</doc>
<status status="NOT RUN" starttime="20230510 12:19:00.009" endtime="20230510 12:19:00.010"/>
</kw>
<kw name="Click Element" library="SeleniumLibrary">
<arg>${xpath_Inactivity Total}</arg>
<doc>Click the element identified by ``locator``.</doc>
<status status="NOT RUN" starttime="20230510 12:19:00.010" endtime="20230510 12:19:00.010"/>
</kw>
<kw name="Click Element" library="SeleniumLibrary">
<arg>${xpath_Inactivity Months}</arg>
<doc>Click the element identified by ``locator``.</doc>
<status status="NOT RUN" starttime="20230510 12:19:00.010" endtime="20230510 12:19:00.011"/>
</kw>
<for flavor="IN RANGE">
<var>${i}</var>
<value>1</value>
<value>3</value>
<iter>
<var name="${i}"/>
<kw name="Click Element" library="SeleniumLibrary">
<arg>${xpath_Inactivity Category}</arg>
<doc>Click the element identified by ``locator``.</doc>
<status status="NOT RUN" starttime="20230510 12:19:00.012" endtime="20230510 12:19:00.012"/>
</kw>
<if>
<branch type="IF" condition="${i} == 1">
<kw name="Click Element" library="SeleniumLibrary">
<arg>${xpath_Inactivity Category Charging Stations}</arg>
<doc>Click the element identified by ``locator``.</doc>
<status status="NOT RUN" starttime="20230510 12:19:00.012" endtime="20230510 12:19:00.012"/>
</kw>
<kw name="Get Element Attribute" library="SeleniumLibrary">
<var>${IC}</var>
<arg>${xpath_Inactivity Category}</arg>
<arg>ng-reflect-value</arg>
<doc>Returns the value of ``attribute`` from the element ``locator``.</doc>
<status status="NOT RUN" starttime="20230510 12:19:00.012" endtime="20230510 12:19:00.012"/>
</kw>
<kw name="Should Be Equal As Strings" library="BuiltIn">
<arg>${IC}</arg>
<arg>C</arg>
<doc>Fails if objects are unequal after converting them to strings.</doc>
<status status="NOT RUN" starttime="20230510 12:19:00.013" endtime="20230510 12:19:00.013"/>
</kw>
<status status="NOT RUN" starttime="20230510 12:19:00.012" endtime="20230510 12:19:00.013"/>
</branch>
<status status="NOT RUN" starttime="20230510 12:19:00.012" endtime="20230510 12:19:00.013"/>
</if>
<if>
<branch type="IF" condition="${i} == 2">
<kw name="Click Element" library="SeleniumLibrary">
<arg>${xpath_Inactivity Category User}</arg>
<doc>Click the element identified by ``locator``.</doc>
<status status="NOT RUN" starttime="20230510 12:19:00.013" endtime="20230510 12:19:00.014"/>
</kw>
<kw name="Get Element Attribute" library="SeleniumLibrary">
<var>${IU}</var>
<arg>${xpath_Inactivity Category}</arg>
<arg>ng-reflect-value</arg>
<doc>Returns the value of ``attribute`` from the element ``locator``.</doc>
<status status="NOT RUN" starttime="20230510 12:19:00.015" endtime="20230510 12:19:00.016"/>
</kw>
<kw name="Should Be Equal As Strings" library="BuiltIn">
<arg>${IU}</arg>
<arg>U</arg>
<doc>Fails if objects are unequal after converting them to strings.</doc>
<status status="NOT RUN" starttime="20230510 12:19:00.016" endtime="20230510 12:19:00.016"/>
</kw>
<status status="NOT RUN" starttime="20230510 12:19:00.013" endtime="20230510 12:19:00.016"/>
</branch>
<status status="NOT RUN" starttime="20230510 12:19:00.013" endtime="20230510 12:19:00.016"/>
</if>
<status status="NOT RUN" starttime="20230510 12:19:00.011" endtime="20230510 12:19:00.016"/>
</iter>
<status status="NOT RUN" starttime="20230510 12:19:00.011" endtime="20230510 12:19:00.016"/>
</for>
<for flavor="IN RANGE">
<var>${i}</var>
<value>1</value>
<value>3</value>
<iter>
<var name="${i}"/>
<kw name="Sleep" library="BuiltIn">
<arg>2s</arg>
<doc>Pauses the test executed for the given time.</doc>
<status status="NOT RUN" starttime="20230510 12:19:00.017" endtime="20230510 12:19:00.017"/>
</kw>
<kw name="Click Element" library="SeleniumLibrary">
<arg>${xpath_Inactivity Year}</arg>
<doc>Click the element identified by ``locator``.</doc>
<status status="NOT RUN" starttime="20230510 12:19:00.017" endtime="20230510 12:19:00.017"/>
</kw>
<if>
<branch type="IF" condition="${i} == 1">
<kw name="Click Element" library="SeleniumLibrary">
<arg>${xpath_Inactivity Year 2023}</arg>
<doc>Click the element identified by ``locator``.</doc>
<status status="NOT RUN" starttime="20230510 12:19:00.018" endtime="20230510 12:19:00.018"/>
</kw>
<kw name="Get Element Attribute" library="SeleniumLibrary">
<var>${I2}</var>
<arg>${xpath_Inactivity Year}</arg>
<arg>ng-reflect-value</arg>
<doc>Returns the value of ``attribute`` from the element ``locator``.</doc>
<status status="NOT RUN" starttime="20230510 12:19:00.020" endtime="20230510 12:19:00.020"/>
</kw>
<kw name="Should Be Equal As Numbers" library="BuiltIn">
<arg>${I2}</arg>
<arg>2023</arg>
<doc>Fails if objects are unequal after converting them to real numbers.</doc>
<status status="NOT RUN" starttime="20230510 12:19:00.021" endtime="20230510 12:19:00.021"/>
</kw>
<status status="NOT RUN" starttime="20230510 12:19:00.017" endtime="20230510 12:19:00.021"/>
</branch>
<status status="NOT RUN" starttime="20230510 12:19:00.017" endtime="20230510 12:19:00.021"/>
</if>
<if>
<branch type="IF" condition="${i} == 2">
<kw name="Click Element" library="SeleniumLibrary">
<arg>${xpath_Inactivity Year &lt;All&gt;}</arg>
<doc>Click the element identified by ``locator``.</doc>
<status status="NOT RUN" starttime="20230510 12:19:00.023" endtime="20230510 12:19:00.024"/>
</kw>
<kw name="Get Element Attribute" library="SeleniumLibrary">
<var>${IA}</var>
<arg>${xpath_Inactivity Year}</arg>
<arg>ng-reflect-value</arg>
<doc>Returns the value of ``attribute`` from the element ``locator``.</doc>
<status status="NOT RUN" starttime="20230510 12:19:00.024" endtime="20230510 12:19:00.024"/>
</kw>
<kw name="Should Be Equal As Numbers" library="BuiltIn">
<arg>${IA}</arg>
<arg>0</arg>
<doc>Fails if objects are unequal after converting them to real numbers.</doc>
<status status="NOT RUN" starttime="20230510 12:19:00.025" endtime="20230510 12:19:00.025"/>
</kw>
<status status="NOT RUN" starttime="20230510 12:19:00.023" endtime="20230510 12:19:00.031"/>
</branch>
<status status="NOT RUN" starttime="20230510 12:19:00.023" endtime="20230510 12:19:00.032"/>
</if>
<status status="NOT RUN" starttime="20230510 12:19:00.017" endtime="20230510 12:19:00.032"/>
</iter>
<status status="NOT RUN" starttime="20230510 12:19:00.017" endtime="20230510 12:19:00.032"/>
</for>
<kw name="Sleep" library="BuiltIn">
<arg>3s</arg>
<doc>Pauses the test executed for the given time.</doc>
<status status="NOT RUN" starttime="20230510 12:19:00.051" endtime="20230510 12:19:00.052"/>
</kw>
<kw name="Click Element" library="SeleniumLibrary">
<arg>${xpath_Inactivity Date}</arg>
<doc>Click the element identified by ``locator``.</doc>
<status status="NOT RUN" starttime="20230510 12:19:00.054" endtime="20230510 12:19:00.055"/>
</kw>
<kw name="Click Button" library="SeleniumLibrary">
<arg>${xpath_Inactivity Date Button Apply}</arg>
<doc>Clicks the button identified by ``locator``.</doc>
<status status="NOT RUN" starttime="20230510 12:19:00.055" endtime="20230510 12:19:00.055"/>
</kw>
<kw name="Click Element" library="SeleniumLibrary">
<arg>${xpath_Inactivity Sites}</arg>
<doc>Click the element identified by ``locator``.</doc>
<status status="NOT RUN" starttime="20230510 12:19:00.055" endtime="20230510 12:19:00.056"/>
</kw>
<kw name="Page Should Contain Element" library="SeleniumLibrary">
<arg>${xpath_Inactivity Sites Table}</arg>
<doc>Verifies that element ``locator`` is found on the current page.</doc>
<status status="NOT RUN" starttime="20230510 12:19:00.067" endtime="20230510 12:19:00.067"/>
</kw>
<kw name="Click Element" library="SeleniumLibrary">
<arg>${xpath_Inactivity Sites Table Exit}</arg>
<doc>Click the element identified by ``locator``.</doc>
<status status="NOT RUN" starttime="20230510 12:19:00.069" endtime="20230510 12:19:00.069"/>
</kw>
<kw name="Click Element" library="SeleniumLibrary">
<arg>${xpath_Inactivity Site Areas}</arg>
<doc>Click the element identified by ``locator``.</doc>
<status status="NOT RUN" starttime="20230510 12:19:00.072" endtime="20230510 12:19:00.072"/>
</kw>
<kw name="Page Should Contain Element" library="SeleniumLibrary">
<arg>${xpath_Inactivity Site Areas Table}</arg>
<doc>Verifies that element ``locator`` is found on the current page.</doc>
<status status="NOT RUN" starttime="20230510 12:19:00.072" endtime="20230510 12:19:00.072"/>
</kw>
<kw name="Click Element" library="SeleniumLibrary">
<arg>${xpath_Inactivity Site Areas Table Exit}</arg>
<doc>Click the element identified by ``locator``.</doc>
<status status="NOT RUN" starttime="20230510 12:19:00.073" endtime="20230510 12:19:00.073"/>
</kw>
<kw name="Click Element" library="SeleniumLibrary">
<arg>${xpath_Inactivity SELECT CHARGING STATION}</arg>
<doc>Click the element identified by ``locator``.</doc>
<status status="NOT RUN" starttime="20230510 12:19:00.073" endtime="20230510 12:19:00.073"/>
</kw>
<kw name="Page Should Contain Element" library="SeleniumLibrary">
<arg>${xpath_Inactivity SELECT CHARGING STATION Table}</arg>
<doc>Verifies that element ``locator`` is found on the current page.</doc>
<status status="NOT RUN" starttime="20230510 12:19:00.073" endtime="20230510 12:19:00.073"/>
</kw>
<kw name="Click Element" library="SeleniumLibrary">
<arg>${xpath_Inactivity SELECT CHARGING STATION Table Exit}</arg>
<doc>Click the element identified by ``locator``.</doc>
<status status="NOT RUN" starttime="20230510 12:19:00.073" endtime="20230510 12:19:00.082"/>
</kw>
<kw name="Click Element" library="SeleniumLibrary">
<arg>${xpath_Inactivity SELECT USER}</arg>
<doc>Click the element identified by ``locator``.</doc>
<status status="NOT RUN" starttime="20230510 12:19:00.084" endtime="20230510 12:19:00.084"/>
</kw>
<kw name="Page Should Contain Element" library="SeleniumLibrary">
<arg>${xpath_Inactivity SELECT USER Table}</arg>
<doc>Verifies that element ``locator`` is found on the current page.</doc>
<status status="NOT RUN" starttime="20230510 12:19:00.085" endtime="20230510 12:19:00.085"/>
</kw>
<kw name="Click Element" library="SeleniumLibrary">
<arg>${xpath_Inactivity SELECT USER Table Exit}</arg>
<doc>Click the element identified by ``locator``.</doc>
<status status="NOT RUN" starttime="20230510 12:19:00.085" endtime="20230510 12:19:00.086"/>
</kw>
<status status="FAIL" starttime="20230510 12:18:55.902" endtime="20230510 12:19:00.088">ElementClickInterceptedException: Message: element click intercepted: Element is not clickable at point (371, -1404)
  (Session info: chrome=113.0.5672.63)
Stacktrace:
Backtrace:
	GetHandleVerifier [0x00DA8893+48451]
	(No symbol) [0x00D3B8A1]
	(No symbol) [0x00C45058]
	(No symbol) [0x00C74BA4]
	(No symbol) [0x00C736E8]
	(No symbol) [0x00C71EEB]
	(No symbol) [0x00C712FE]
	(No symbol) [0x00C69AAC]
	(No symbol) [0x00C8A2BC]
	(No symbol) [0x00C69586]
	(No symbol) [0x00C8A614]
	(No symbol) [0x00C9C482]
	(No symbol) [0x00C8A0B6]
	(No symbol) [0x00C67E08]
	(No symbol) [0x00C68F2D]
	GetHandleVerifier [0x01008E3A+2540266]
	GetHandleVerifier [0x01048959+2801161]
	GetHandleVerifier [0x0104295C+2776588]
	GetHandleVerifier [0x00E32280+612144]
	(No symbol) [0x00D44F6C]
	(No symbol) [0x00D411D8]
	(No symbol) [0x00D412BB]
	(No symbol) [0x00D34857]
	BaseThreadInitThunk [0x74EF7D49+25]
	RtlInitializeExceptionChain [0x7701B74B+107]
	RtlClearBits [0x7701B6CF+191]
</status>
</test>
<test id="s1-s2-t5" name="tester dashboard Sessions" line="391">
<kw name="Execute Javascript" library="SeleniumLibrary">
<arg>window.scrollTo(180, 3080)</arg>
<doc>Executes the given JavaScript code with possible arguments.</doc>
<msg timestamp="20230510 12:19:00.104" level="INFO">Executing JavaScript:
window.scrollTo(180, 3080)
Without any arguments.</msg>
<status status="PASS" starttime="20230510 12:19:00.103" endtime="20230510 12:19:00.145"/>
</kw>
<kw name="Sleep" library="BuiltIn">
<arg>2s</arg>
<doc>Pauses the test executed for the given time.</doc>
<msg timestamp="20230510 12:19:02.145" level="INFO">Slept 2 seconds</msg>
<status status="PASS" starttime="20230510 12:19:00.145" endtime="20230510 12:19:02.145"/>
</kw>
<kw name="Page Should Contain Element" library="SeleniumLibrary">
<arg>${xpath_Sessions}</arg>
<doc>Verifies that element ``locator`` is found on the current page.</doc>
<msg timestamp="20230510 12:19:02.203" level="INFO">Current page contains element '//*[contains(text(),'Sessions')]'.</msg>
<status status="PASS" starttime="20230510 12:19:02.145" endtime="20230510 12:19:02.203"/>
</kw>
<for flavor="IN RANGE">
<var>${i}</var>
<value>1</value>
<value>3</value>
<iter>
<var name="${i}">1</var>
<kw name="Click Element" library="SeleniumLibrary">
<arg>${xpath_Sessions Export}</arg>
<doc>Click the element identified by ``locator``.</doc>
<msg timestamp="20230510 12:19:02.206" level="INFO">Clicking element '//*[contains(text(),'Export')]'.</msg>
<msg timestamp="20230510 12:19:03.969" level="INFO" html="true">&lt;/td&gt;&lt;/tr&gt;&lt;tr&gt;&lt;td colspan="3"&gt;&lt;a href="selenium-screenshot-170.png"&gt;&lt;img src="selenium-screenshot-170.png" width="800px"&gt;&lt;/a&gt;</msg>
<msg timestamp="20230510 12:19:03.969" level="FAIL">ElementClickInterceptedException: Message: element click intercepted: Element is not clickable at point (371, -2204)
  (Session info: chrome=113.0.5672.63)
Stacktrace:
Backtrace:
	GetHandleVerifier [0x00DA8893+48451]
	(No symbol) [0x00D3B8A1]
	(No symbol) [0x00C45058]
	(No symbol) [0x00C74BA4]
	(No symbol) [0x00C736E8]
	(No symbol) [0x00C71EEB]
	(No symbol) [0x00C712FE]
	(No symbol) [0x00C69AAC]
	(No symbol) [0x00C8A2BC]
	(No symbol) [0x00C69586]
	(No symbol) [0x00C8A614]
	(No symbol) [0x00C9C482]
	(No symbol) [0x00C8A0B6]
	(No symbol) [0x00C67E08]
	(No symbol) [0x00C68F2D]
	GetHandleVerifier [0x01008E3A+2540266]
	GetHandleVerifier [0x01048959+2801161]
	GetHandleVerifier [0x0104295C+2776588]
	GetHandleVerifier [0x00E32280+612144]
	(No symbol) [0x00D44F6C]
	(No symbol) [0x00D411D8]
	(No symbol) [0x00D412BB]
	(No symbol) [0x00D34857]
	BaseThreadInitThunk [0x74EF7D49+25]
	RtlInitializeExceptionChain [0x7701B74B+107]
	RtlClearBits [0x7701B6CF+191]
</msg>
<status status="FAIL" starttime="20230510 12:19:02.205" endtime="20230510 12:19:03.971"/>
</kw>
<kw name="Run Keyword If" library="BuiltIn">
<arg>${i} == 1</arg>
<arg>Sessions Export Yes</arg>
<doc>Runs the given keyword with the given arguments, if ``condition`` is true.</doc>
<status status="NOT RUN" starttime="20230510 12:19:03.971" endtime="20230510 12:19:03.971"/>
</kw>
<kw name="Sleep" library="BuiltIn">
<arg>2s</arg>
<doc>Pauses the test executed for the given time.</doc>
<status status="NOT RUN" starttime="20230510 12:19:03.971" endtime="20230510 12:19:03.971"/>
</kw>
<kw name="Run Keyword If" library="BuiltIn">
<arg>${i} == 2</arg>
<arg>Sessions Export No</arg>
<doc>Runs the given keyword with the given arguments, if ``condition`` is true.</doc>
<status status="NOT RUN" starttime="20230510 12:19:03.971" endtime="20230510 12:19:03.971"/>
</kw>
<status status="FAIL" starttime="20230510 12:19:02.205" endtime="20230510 12:19:03.972"/>
</iter>
<status status="FAIL" starttime="20230510 12:19:02.205" endtime="20230510 12:19:03.972"/>
</for>
<kw name="Click Element" library="SeleniumLibrary">
<arg>${xpath_Sessions Reset Filters}</arg>
<doc>Click the element identified by ``locator``.</doc>
<status status="NOT RUN" starttime="20230510 12:19:03.972" endtime="20230510 12:19:03.972"/>
</kw>
<kw name="Click Element" library="SeleniumLibrary">
<arg>${xpath_Sessions Total}</arg>
<doc>Click the element identified by ``locator``.</doc>
<status status="NOT RUN" starttime="20230510 12:19:03.973" endtime="20230510 12:19:03.973"/>
</kw>
<kw name="Click Element" library="SeleniumLibrary">
<arg>${xpath_Sessions Months}</arg>
<doc>Click the element identified by ``locator``.</doc>
<status status="NOT RUN" starttime="20230510 12:19:03.973" endtime="20230510 12:19:03.973"/>
</kw>
<for flavor="IN RANGE">
<var>${i}</var>
<value>1</value>
<value>3</value>
<iter>
<var name="${i}"/>
<kw name="Click Element" library="SeleniumLibrary">
<arg>${xpath_Sessions Category}</arg>
<doc>Click the element identified by ``locator``.</doc>
<status status="NOT RUN" starttime="20230510 12:19:03.974" endtime="20230510 12:19:03.974"/>
</kw>
<if>
<branch type="IF" condition="${i} == 1">
<kw name="Click Element" library="SeleniumLibrary">
<arg>${xpath_Sessions Category Charging Stations}</arg>
<doc>Click the element identified by ``locator``.</doc>
<status status="NOT RUN" starttime="20230510 12:19:03.974" endtime="20230510 12:19:03.974"/>
</kw>
<kw name="Get Element Attribute" library="SeleniumLibrary">
<var>${SC}</var>
<arg>${xpath_Sessions Category}</arg>
<arg>ng-reflect-value</arg>
<doc>Returns the value of ``attribute`` from the element ``locator``.</doc>
<status status="NOT RUN" starttime="20230510 12:19:03.974" endtime="20230510 12:19:03.974"/>
</kw>
<kw name="Should Be Equal As Strings" library="BuiltIn">
<arg>${SC}</arg>
<arg>C</arg>
<doc>Fails if objects are unequal after converting them to strings.</doc>
<status status="NOT RUN" starttime="20230510 12:19:03.974" endtime="20230510 12:19:03.974"/>
</kw>
<status status="NOT RUN" starttime="20230510 12:19:03.974" endtime="20230510 12:19:03.974"/>
</branch>
<status status="NOT RUN" starttime="20230510 12:19:03.974" endtime="20230510 12:19:03.974"/>
</if>
<if>
<branch type="IF" condition="${i} == 2">
<kw name="Click Element" library="SeleniumLibrary">
<arg>${xpath_Sessions Category User}</arg>
<doc>Click the element identified by ``locator``.</doc>
<status status="NOT RUN" starttime="20230510 12:19:03.975" endtime="20230510 12:19:03.975"/>
</kw>
<kw name="Get Element Attribute" library="SeleniumLibrary">
<var>${SU}</var>
<arg>${xpath_Sessions Category}</arg>
<arg>ng-reflect-value</arg>
<doc>Returns the value of ``attribute`` from the element ``locator``.</doc>
<status status="NOT RUN" starttime="20230510 12:19:03.975" endtime="20230510 12:19:03.975"/>
</kw>
<kw name="Should Be Equal As Strings" library="BuiltIn">
<arg>${SU}</arg>
<arg>U</arg>
<doc>Fails if objects are unequal after converting them to strings.</doc>
<status status="NOT RUN" starttime="20230510 12:19:03.975" endtime="20230510 12:19:03.975"/>
</kw>
<status status="NOT RUN" starttime="20230510 12:19:03.975" endtime="20230510 12:19:03.975"/>
</branch>
<status status="NOT RUN" starttime="20230510 12:19:03.975" endtime="20230510 12:19:03.975"/>
</if>
<status status="NOT RUN" starttime="20230510 12:19:03.974" endtime="20230510 12:19:03.975"/>
</iter>
<status status="NOT RUN" starttime="20230510 12:19:03.974" endtime="20230510 12:19:03.975"/>
</for>
<for flavor="IN RANGE">
<var>${i}</var>
<value>1</value>
<value>3</value>
<iter>
<var name="${i}"/>
<kw name="Sleep" library="BuiltIn">
<arg>2s</arg>
<doc>Pauses the test executed for the given time.</doc>
<status status="NOT RUN" starttime="20230510 12:19:03.976" endtime="20230510 12:19:03.976"/>
</kw>
<kw name="Click Element" library="SeleniumLibrary">
<arg>${xpath_Sessions Year}</arg>
<doc>Click the element identified by ``locator``.</doc>
<status status="NOT RUN" starttime="20230510 12:19:03.977" endtime="20230510 12:19:03.977"/>
</kw>
<if>
<branch type="IF" condition="${i} == 1">
<kw name="Click Element" library="SeleniumLibrary">
<arg>${xpath_Sessions Year 2023}</arg>
<doc>Click the element identified by ``locator``.</doc>
<status status="NOT RUN" starttime="20230510 12:19:03.977" endtime="20230510 12:19:03.977"/>
</kw>
<kw name="Get Element Attribute" library="SeleniumLibrary">
<var>${S2}</var>
<arg>${xpath_Sessions Year}</arg>
<arg>ng-reflect-value</arg>
<doc>Returns the value of ``attribute`` from the element ``locator``.</doc>
<status status="NOT RUN" starttime="20230510 12:19:03.977" endtime="20230510 12:19:03.977"/>
</kw>
<kw name="Should Be Equal As Numbers" library="BuiltIn">
<arg>${S2}</arg>
<arg>2023</arg>
<doc>Fails if objects are unequal after converting them to real numbers.</doc>
<status status="NOT RUN" starttime="20230510 12:19:03.977" endtime="20230510 12:19:03.977"/>
</kw>
<status status="NOT RUN" starttime="20230510 12:19:03.977" endtime="20230510 12:19:03.977"/>
</branch>
<status status="NOT RUN" starttime="20230510 12:19:03.977" endtime="20230510 12:19:03.977"/>
</if>
<if>
<branch type="IF" condition="${i} == 2">
<kw name="Click Element" library="SeleniumLibrary">
<arg>${xpath_Sessions Year &lt;All&gt;}</arg>
<doc>Click the element identified by ``locator``.</doc>
<status status="NOT RUN" starttime="20230510 12:19:03.978" endtime="20230510 12:19:03.978"/>
</kw>
<kw name="Get Element Attribute" library="SeleniumLibrary">
<var>${SA}</var>
<arg>${xpath_Sessions Year}</arg>
<arg>ng-reflect-value</arg>
<doc>Returns the value of ``attribute`` from the element ``locator``.</doc>
<status status="NOT RUN" starttime="20230510 12:19:03.978" endtime="20230510 12:19:03.978"/>
</kw>
<kw name="Should Be Equal As Numbers" library="BuiltIn">
<arg>${SA}</arg>
<arg>0</arg>
<doc>Fails if objects are unequal after converting them to real numbers.</doc>
<status status="NOT RUN" starttime="20230510 12:19:03.978" endtime="20230510 12:19:03.978"/>
</kw>
<status status="NOT RUN" starttime="20230510 12:19:03.977" endtime="20230510 12:19:03.978"/>
</branch>
<status status="NOT RUN" starttime="20230510 12:19:03.977" endtime="20230510 12:19:03.978"/>
</if>
<status status="NOT RUN" starttime="20230510 12:19:03.976" endtime="20230510 12:19:03.978"/>
</iter>
<status status="NOT RUN" starttime="20230510 12:19:03.976" endtime="20230510 12:19:03.978"/>
</for>
<kw name="Sleep" library="BuiltIn">
<arg>3s</arg>
<doc>Pauses the test executed for the given time.</doc>
<status status="NOT RUN" starttime="20230510 12:19:03.979" endtime="20230510 12:19:03.979"/>
</kw>
<kw name="Click Element" library="SeleniumLibrary">
<arg>${xpath_Sessions Date}</arg>
<doc>Click the element identified by ``locator``.</doc>
<status status="NOT RUN" starttime="20230510 12:19:03.980" endtime="20230510 12:19:03.980"/>
</kw>
<kw name="Click Button" library="SeleniumLibrary">
<arg>${xpath_Sessions Date Button Apply}</arg>
<doc>Clicks the button identified by ``locator``.</doc>
<status status="NOT RUN" starttime="20230510 12:19:03.981" endtime="20230510 12:19:03.981"/>
</kw>
<kw name="Click Element" library="SeleniumLibrary">
<arg>${xpath_Sessions Sites}</arg>
<doc>Click the element identified by ``locator``.</doc>
<status status="NOT RUN" starttime="20230510 12:19:03.981" endtime="20230510 12:19:03.981"/>
</kw>
<kw name="Page Should Contain Element" library="SeleniumLibrary">
<arg>${xpath_Sessions Sites Table}</arg>
<doc>Verifies that element ``locator`` is found on the current page.</doc>
<status status="NOT RUN" starttime="20230510 12:19:03.981" endtime="20230510 12:19:03.982"/>
</kw>
<kw name="Click Element" library="SeleniumLibrary">
<arg>${xpath_Sessions Sites Table Exit}</arg>
<doc>Click the element identified by ``locator``.</doc>
<status status="NOT RUN" starttime="20230510 12:19:03.982" endtime="20230510 12:19:03.982"/>
</kw>
<kw name="Click Element" library="SeleniumLibrary">
<arg>${xpath_Sessions Site Areas}</arg>
<doc>Click the element identified by ``locator``.</doc>
<status status="NOT RUN" starttime="20230510 12:19:03.982" endtime="20230510 12:19:03.982"/>
</kw>
<kw name="Page Should Contain Element" library="SeleniumLibrary">
<arg>${xpath_Sessions Site Areas Table}</arg>
<doc>Verifies that element ``locator`` is found on the current page.</doc>
<status status="NOT RUN" starttime="20230510 12:19:03.983" endtime="20230510 12:19:03.983"/>
</kw>
<kw name="Click Element" library="SeleniumLibrary">
<arg>${xpath_Sessions Site Areas Table Exit}</arg>
<doc>Click the element identified by ``locator``.</doc>
<status status="NOT RUN" starttime="20230510 12:19:03.983" endtime="20230510 12:19:03.983"/>
</kw>
<kw name="Click Element" library="SeleniumLibrary">
<arg>${xpath_Sessions SELECT CHARGING STATION}</arg>
<doc>Click the element identified by ``locator``.</doc>
<status status="NOT RUN" starttime="20230510 12:19:03.983" endtime="20230510 12:19:03.984"/>
</kw>
<kw name="Page Should Contain Element" library="SeleniumLibrary">
<arg>${xpath_Sessions SELECT CHARGING STATION Table}</arg>
<doc>Verifies that element ``locator`` is found on the current page.</doc>
<status status="NOT RUN" starttime="20230510 12:19:03.984" endtime="20230510 12:19:03.984"/>
</kw>
<kw name="Click Element" library="SeleniumLibrary">
<arg>${xpath_Sessions SELECT CHARGING STATION Table Exit}</arg>
<doc>Click the element identified by ``locator``.</doc>
<status status="NOT RUN" starttime="20230510 12:19:03.984" endtime="20230510 12:19:03.984"/>
</kw>
<kw name="Click Element" library="SeleniumLibrary">
<arg>${xpath_Sessions SELECT USER}</arg>
<doc>Click the element identified by ``locator``.</doc>
<status status="NOT RUN" starttime="20230510 12:19:03.984" endtime="20230510 12:19:03.984"/>
</kw>
<kw name="Page Should Contain Element" library="SeleniumLibrary">
<arg>${xpath_Sessions SELECT USER Table}</arg>
<doc>Verifies that element ``locator`` is found on the current page.</doc>
<status status="NOT RUN" starttime="20230510 12:19:03.985" endtime="20230510 12:19:03.985"/>
</kw>
<kw name="Click Element" library="SeleniumLibrary">
<arg>${xpath_Sessions SELECT USER Table Exit}</arg>
<doc>Click the element identified by ``locator``.</doc>
<status status="NOT RUN" starttime="20230510 12:19:03.985" endtime="20230510 12:19:03.985"/>
</kw>
<status status="FAIL" starttime="20230510 12:19:00.102" endtime="20230510 12:19:03.986">ElementClickInterceptedException: Message: element click intercepted: Element is not clickable at point (371, -2204)
  (Session info: chrome=113.0.5672.63)
Stacktrace:
Backtrace:
	GetHandleVerifier [0x00DA8893+48451]
	(No symbol) [0x00D3B8A1]
	(No symbol) [0x00C45058]
	(No symbol) [0x00C74BA4]
	(No symbol) [0x00C736E8]
	(No symbol) [0x00C71EEB]
	(No symbol) [0x00C712FE]
	(No symbol) [0x00C69AAC]
	(No symbol) [0x00C8A2BC]
	(No symbol) [0x00C69586]
	(No symbol) [0x00C8A614]
	(No symbol) [0x00C9C482]
	(No symbol) [0x00C8A0B6]
	(No symbol) [0x00C67E08]
	(No symbol) [0x00C68F2D]
	GetHandleVerifier [0x01008E3A+2540266]
	GetHandleVerifier [0x01048959+2801161]
	GetHandleVerifier [0x0104295C+2776588]
	GetHandleVerifier [0x00E32280+612144]
	(No symbol) [0x00D44F6C]
	(No symbol) [0x00D411D8]
	(No symbol) [0x00D412BB]
	(No symbol) [0x00D34857]
	BaseThreadInitThunk [0x74EF7D49+25]
	RtlInitializeExceptionChain [0x7701B74B+107]
	RtlClearBits [0x7701B6CF+191]
</status>
</test>
<test id="s1-s2-t6" name="tester dashboard Pricing" line="448">
<kw name="Execute Javascript" library="SeleniumLibrary">
<arg>window.scrollTo(180, 3840)</arg>
<doc>Executes the given JavaScript code with possible arguments.</doc>
<msg timestamp="20230510 12:19:04.002" level="INFO">Executing JavaScript:
window.scrollTo(180, 3840)
Without any arguments.</msg>
<status status="PASS" starttime="20230510 12:19:04.001" endtime="20230510 12:19:04.016"/>
</kw>
<kw name="Sleep" library="BuiltIn">
<arg>2s</arg>
<doc>Pauses the test executed for the given time.</doc>
<msg timestamp="20230510 12:19:06.017" level="INFO">Slept 2 seconds</msg>
<status status="PASS" starttime="20230510 12:19:04.017" endtime="20230510 12:19:06.017"/>
</kw>
<kw name="Page Should Contain Element" library="SeleniumLibrary">
<arg>${xpath_Pricing}</arg>
<doc>Verifies that element ``locator`` is found on the current page.</doc>
<msg timestamp="20230510 12:19:06.112" level="INFO">Current page contains element '//*[contains(text(),'Pricing')]'.</msg>
<status status="PASS" starttime="20230510 12:19:06.026" endtime="20230510 12:19:06.113"/>
</kw>
<for flavor="IN RANGE">
<var>${i}</var>
<value>1</value>
<value>3</value>
<iter>
<var name="${i}">1</var>
<kw name="Click Element" library="SeleniumLibrary">
<arg>${xpath_Pricing Export}</arg>
<doc>Click the element identified by ``locator``.</doc>
<msg timestamp="20230510 12:19:06.116" level="INFO">Clicking element '//*[contains(text(),'Export')]'.</msg>
<msg timestamp="20230510 12:19:07.804" level="INFO" html="true">&lt;/td&gt;&lt;/tr&gt;&lt;tr&gt;&lt;td colspan="3"&gt;&lt;a href="selenium-screenshot-171.png"&gt;&lt;img src="selenium-screenshot-171.png" width="800px"&gt;&lt;/a&gt;</msg>
<msg timestamp="20230510 12:19:07.804" level="FAIL">ElementClickInterceptedException: Message: element click intercepted: Element is not clickable at point (371, -2974)
  (Session info: chrome=113.0.5672.63)
Stacktrace:
Backtrace:
	GetHandleVerifier [0x00DA8893+48451]
	(No symbol) [0x00D3B8A1]
	(No symbol) [0x00C45058]
	(No symbol) [0x00C74BA4]
	(No symbol) [0x00C736E8]
	(No symbol) [0x00C71EEB]
	(No symbol) [0x00C712FE]
	(No symbol) [0x00C69AAC]
	(No symbol) [0x00C8A2BC]
	(No symbol) [0x00C69586]
	(No symbol) [0x00C8A614]
	(No symbol) [0x00C9C482]
	(No symbol) [0x00C8A0B6]
	(No symbol) [0x00C67E08]
	(No symbol) [0x00C68F2D]
	GetHandleVerifier [0x01008E3A+2540266]
	GetHandleVerifier [0x01048959+2801161]
	GetHandleVerifier [0x0104295C+2776588]
	GetHandleVerifier [0x00E32280+612144]
	(No symbol) [0x00D44F6C]
	(No symbol) [0x00D411D8]
	(No symbol) [0x00D412BB]
	(No symbol) [0x00D34857]
	BaseThreadInitThunk [0x74EF7D49+25]
	RtlInitializeExceptionChain [0x7701B74B+107]
	RtlClearBits [0x7701B6CF+191]
</msg>
<status status="FAIL" starttime="20230510 12:19:06.115" endtime="20230510 12:19:07.806"/>
</kw>
<kw name="Run Keyword If" library="BuiltIn">
<arg>${i} == 1</arg>
<arg>Pricing Export Yes</arg>
<doc>Runs the given keyword with the given arguments, if ``condition`` is true.</doc>
<status status="NOT RUN" starttime="20230510 12:19:07.806" endtime="20230510 12:19:07.806"/>
</kw>
<kw name="Sleep" library="BuiltIn">
<arg>2s</arg>
<doc>Pauses the test executed for the given time.</doc>
<status status="NOT RUN" starttime="20230510 12:19:07.806" endtime="20230510 12:19:07.806"/>
</kw>
<kw name="Run Keyword If" library="BuiltIn">
<arg>${i} == 2</arg>
<arg>Pricing Export No</arg>
<doc>Runs the given keyword with the given arguments, if ``condition`` is true.</doc>
<status status="NOT RUN" starttime="20230510 12:19:07.807" endtime="20230510 12:19:07.807"/>
</kw>
<status status="FAIL" starttime="20230510 12:19:06.115" endtime="20230510 12:19:07.807"/>
</iter>
<status status="FAIL" starttime="20230510 12:19:06.115" endtime="20230510 12:19:07.807"/>
</for>
<kw name="Click Element" library="SeleniumLibrary">
<arg>${xpath_Pricing Reset Filters}</arg>
<doc>Click the element identified by ``locator``.</doc>
<status status="NOT RUN" starttime="20230510 12:19:07.807" endtime="20230510 12:19:07.807"/>
</kw>
<kw name="Click Element" library="SeleniumLibrary">
<arg>${xpath_Pricing Total}</arg>
<doc>Click the element identified by ``locator``.</doc>
<status status="NOT RUN" starttime="20230510 12:19:07.808" endtime="20230510 12:19:07.808"/>
</kw>
<kw name="Click Element" library="SeleniumLibrary">
<arg>${xpath_Pricing Months}</arg>
<doc>Click the element identified by ``locator``.</doc>
<status status="NOT RUN" starttime="20230510 12:19:07.808" endtime="20230510 12:19:07.808"/>
</kw>
<for flavor="IN RANGE">
<var>${i}</var>
<value>1</value>
<value>3</value>
<iter>
<var name="${i}"/>
<kw name="Click Element" library="SeleniumLibrary">
<arg>${xpath_Pricing Category}</arg>
<doc>Click the element identified by ``locator``.</doc>
<status status="NOT RUN" starttime="20230510 12:19:07.809" endtime="20230510 12:19:07.809"/>
</kw>
<if>
<branch type="IF" condition="${i} == 1">
<kw name="Click Element" library="SeleniumLibrary">
<arg>${xpath_Pricing Category Charging Stations}</arg>
<doc>Click the element identified by ``locator``.</doc>
<status status="NOT RUN" starttime="20230510 12:19:07.809" endtime="20230510 12:19:07.809"/>
</kw>
<kw name="Get Element Attribute" library="SeleniumLibrary">
<var>${PC}</var>
<arg>${xpath_Pricing Category}</arg>
<arg>ng-reflect-value</arg>
<doc>Returns the value of ``attribute`` from the element ``locator``.</doc>
<status status="NOT RUN" starttime="20230510 12:19:07.809" endtime="20230510 12:19:07.809"/>
</kw>
<kw name="Should Be Equal As Strings" library="BuiltIn">
<arg>${PC}</arg>
<arg>C</arg>
<doc>Fails if objects are unequal after converting them to strings.</doc>
<status status="NOT RUN" starttime="20230510 12:19:07.809" endtime="20230510 12:19:07.809"/>
</kw>
<status status="NOT RUN" starttime="20230510 12:19:07.809" endtime="20230510 12:19:07.809"/>
</branch>
<status status="NOT RUN" starttime="20230510 12:19:07.809" endtime="20230510 12:19:07.809"/>
</if>
<if>
<branch type="IF" condition="${i} == 2">
<kw name="Click Element" library="SeleniumLibrary">
<arg>${xpath_Pricing Category User}</arg>
<doc>Click the element identified by ``locator``.</doc>
<status status="NOT RUN" starttime="20230510 12:19:07.810" endtime="20230510 12:19:07.810"/>
</kw>
<kw name="Get Element Attribute" library="SeleniumLibrary">
<var>${PU}</var>
<arg>${xpath_Pricing Category}</arg>
<arg>ng-reflect-value</arg>
<doc>Returns the value of ``attribute`` from the element ``locator``.</doc>
<status status="NOT RUN" starttime="20230510 12:19:07.810" endtime="20230510 12:19:07.810"/>
</kw>
<kw name="Should Be Equal As Strings" library="BuiltIn">
<arg>${PU}</arg>
<arg>U</arg>
<doc>Fails if objects are unequal after converting them to strings.</doc>
<status status="NOT RUN" starttime="20230510 12:19:07.810" endtime="20230510 12:19:07.810"/>
</kw>
<status status="NOT RUN" starttime="20230510 12:19:07.809" endtime="20230510 12:19:07.810"/>
</branch>
<status status="NOT RUN" starttime="20230510 12:19:07.809" endtime="20230510 12:19:07.810"/>
</if>
<status status="NOT RUN" starttime="20230510 12:19:07.808" endtime="20230510 12:19:07.810"/>
</iter>
<status status="NOT RUN" starttime="20230510 12:19:07.808" endtime="20230510 12:19:07.810"/>
</for>
<for flavor="IN RANGE">
<var>${i}</var>
<value>1</value>
<value>3</value>
<iter>
<var name="${i}"/>
<kw name="Click Element" library="SeleniumLibrary">
<arg>${xpath_Pricing Year}</arg>
<doc>Click the element identified by ``locator``.</doc>
<status status="NOT RUN" starttime="20230510 12:19:07.811" endtime="20230510 12:19:07.811"/>
</kw>
<if>
<branch type="IF" condition="${i} == 1">
<kw name="Click Element" library="SeleniumLibrary">
<arg>${xpath_Pricing Year 2023}</arg>
<doc>Click the element identified by ``locator``.</doc>
<status status="NOT RUN" starttime="20230510 12:19:07.811" endtime="20230510 12:19:07.811"/>
</kw>
<kw name="Get Element Attribute" library="SeleniumLibrary">
<var>${P2}</var>
<arg>${xpath_Pricing Year}</arg>
<arg>ng-reflect-value</arg>
<doc>Returns the value of ``attribute`` from the element ``locator``.</doc>
<status status="NOT RUN" starttime="20230510 12:19:07.811" endtime="20230510 12:19:07.811"/>
</kw>
<kw name="Should Be Equal As Numbers" library="BuiltIn">
<arg>${P2}</arg>
<arg>2023</arg>
<doc>Fails if objects are unequal after converting them to real numbers.</doc>
<status status="NOT RUN" starttime="20230510 12:19:07.812" endtime="20230510 12:19:07.812"/>
</kw>
<status status="NOT RUN" starttime="20230510 12:19:07.811" endtime="20230510 12:19:07.812"/>
</branch>
<status status="NOT RUN" starttime="20230510 12:19:07.811" endtime="20230510 12:19:07.812"/>
</if>
<if>
<branch type="IF" condition="${i} == 2">
<kw name="Click Element" library="SeleniumLibrary">
<arg>${xpath_Pricing Year &lt;All&gt;}</arg>
<doc>Click the element identified by ``locator``.</doc>
<status status="NOT RUN" starttime="20230510 12:19:07.813" endtime="20230510 12:19:07.813"/>
</kw>
<kw name="Get Element Attribute" library="SeleniumLibrary">
<var>${PA}</var>
<arg>${xpath_Pricing Year}</arg>
<arg>ng-reflect-value</arg>
<doc>Returns the value of ``attribute`` from the element ``locator``.</doc>
<status status="NOT RUN" starttime="20230510 12:19:07.813" endtime="20230510 12:19:07.813"/>
</kw>
<kw name="Should Be Equal As Numbers" library="BuiltIn">
<arg>${PA}</arg>
<arg>0</arg>
<doc>Fails if objects are unequal after converting them to real numbers.</doc>
<status status="NOT RUN" starttime="20230510 12:19:07.813" endtime="20230510 12:19:07.813"/>
</kw>
<status status="NOT RUN" starttime="20230510 12:19:07.813" endtime="20230510 12:19:07.813"/>
</branch>
<status status="NOT RUN" starttime="20230510 12:19:07.812" endtime="20230510 12:19:07.813"/>
</if>
<status status="NOT RUN" starttime="20230510 12:19:07.811" endtime="20230510 12:19:07.813"/>
</iter>
<status status="NOT RUN" starttime="20230510 12:19:07.810" endtime="20230510 12:19:07.813"/>
</for>
<kw name="Sleep" library="BuiltIn">
<arg>3s</arg>
<doc>Pauses the test executed for the given time.</doc>
<status status="NOT RUN" starttime="20230510 12:19:07.815" endtime="20230510 12:19:07.815"/>
</kw>
<kw name="Click Element" library="SeleniumLibrary">
<arg>${xpath_Pricing Date}</arg>
<doc>Click the element identified by ``locator``.</doc>
<status status="NOT RUN" starttime="20230510 12:19:07.815" endtime="20230510 12:19:07.815"/>
</kw>
<kw name="Click Button" library="SeleniumLibrary">
<arg>${xpath_Pricing Date Button Apply}</arg>
<doc>Clicks the button identified by ``locator``.</doc>
<status status="NOT RUN" starttime="20230510 12:19:07.816" endtime="20230510 12:19:07.816"/>
</kw>
<kw name="Click Element" library="SeleniumLibrary">
<arg>${xpath_Pricing Sites}</arg>
<doc>Click the element identified by ``locator``.</doc>
<status status="NOT RUN" starttime="20230510 12:19:07.816" endtime="20230510 12:19:07.816"/>
</kw>
<kw name="Page Should Contain Element" library="SeleniumLibrary">
<arg>${xpath_Pricing Sites Table}</arg>
<doc>Verifies that element ``locator`` is found on the current page.</doc>
<status status="NOT RUN" starttime="20230510 12:19:07.816" endtime="20230510 12:19:07.817"/>
</kw>
<kw name="Click Element" library="SeleniumLibrary">
<arg>${xpath_Pricing Sites Table Exit}</arg>
<doc>Click the element identified by ``locator``.</doc>
<status status="NOT RUN" starttime="20230510 12:19:07.817" endtime="20230510 12:19:07.817"/>
</kw>
<kw name="Click Element" library="SeleniumLibrary">
<arg>${xpath_Pricing Site Areas}</arg>
<doc>Click the element identified by ``locator``.</doc>
<status status="NOT RUN" starttime="20230510 12:19:07.817" endtime="20230510 12:19:07.817"/>
</kw>
<kw name="Page Should Contain Element" library="SeleniumLibrary">
<arg>${xpath_Pricing Site Areas Table}</arg>
<doc>Verifies that element ``locator`` is found on the current page.</doc>
<status status="NOT RUN" starttime="20230510 12:19:07.818" endtime="20230510 12:19:07.818"/>
</kw>
<kw name="Click Element" library="SeleniumLibrary">
<arg>${xpath_Pricing Site Areas Table Exit}</arg>
<doc>Click the element identified by ``locator``.</doc>
<status status="NOT RUN" starttime="20230510 12:19:07.818" endtime="20230510 12:19:07.818"/>
</kw>
<kw name="Click Element" library="SeleniumLibrary">
<arg>${xpath_Pricing SELECT CHARGING STATION}</arg>
<doc>Click the element identified by ``locator``.</doc>
<status status="NOT RUN" starttime="20230510 12:19:07.819" endtime="20230510 12:19:07.819"/>
</kw>
<kw name="Page Should Contain Element" library="SeleniumLibrary">
<arg>${xpath_Pricing SELECT CHARGING STATION Table}</arg>
<doc>Verifies that element ``locator`` is found on the current page.</doc>
<status status="NOT RUN" starttime="20230510 12:19:07.819" endtime="20230510 12:19:07.819"/>
</kw>
<kw name="Click Element" library="SeleniumLibrary">
<arg>${xpath_Pricing SELECT CHARGING STATION Table Exit}</arg>
<doc>Click the element identified by ``locator``.</doc>
<status status="NOT RUN" starttime="20230510 12:19:07.820" endtime="20230510 12:19:07.820"/>
</kw>
<kw name="Click Element" library="SeleniumLibrary">
<arg>${xpath_Pricing SELECT USER}</arg>
<doc>Click the element identified by ``locator``.</doc>
<status status="NOT RUN" starttime="20230510 12:19:07.820" endtime="20230510 12:19:07.820"/>
</kw>
<kw name="Page Should Contain Element" library="SeleniumLibrary">
<arg>${xpath_Pricing SELECT USER Table}</arg>
<doc>Verifies that element ``locator`` is found on the current page.</doc>
<status status="NOT RUN" starttime="20230510 12:19:07.820" endtime="20230510 12:19:07.820"/>
</kw>
<kw name="Click Element" library="SeleniumLibrary">
<arg>${xpath_Pricing SELECT USER Table Exit}</arg>
<doc>Click the element identified by ``locator``.</doc>
<status status="NOT RUN" starttime="20230510 12:19:07.821" endtime="20230510 12:19:07.821"/>
</kw>
<status status="FAIL" starttime="20230510 12:19:04.000" endtime="20230510 12:19:07.821">ElementClickInterceptedException: Message: element click intercepted: Element is not clickable at point (371, -2974)
  (Session info: chrome=113.0.5672.63)
Stacktrace:
Backtrace:
	GetHandleVerifier [0x00DA8893+48451]
	(No symbol) [0x00D3B8A1]
	(No symbol) [0x00C45058]
	(No symbol) [0x00C74BA4]
	(No symbol) [0x00C736E8]
	(No symbol) [0x00C71EEB]
	(No symbol) [0x00C712FE]
	(No symbol) [0x00C69AAC]
	(No symbol) [0x00C8A2BC]
	(No symbol) [0x00C69586]
	(No symbol) [0x00C8A614]
	(No symbol) [0x00C9C482]
	(No symbol) [0x00C8A0B6]
	(No symbol) [0x00C67E08]
	(No symbol) [0x00C68F2D]
	GetHandleVerifier [0x01008E3A+2540266]
	GetHandleVerifier [0x01048959+2801161]
	GetHandleVerifier [0x0104295C+2776588]
	GetHandleVerifier [0x00E32280+612144]
	(No symbol) [0x00D44F6C]
	(No symbol) [0x00D411D8]
	(No symbol) [0x00D412BB]
	(No symbol) [0x00D34857]
	BaseThreadInitThunk [0x74EF7D49+25]
	RtlInitializeExceptionChain [0x7701B74B+107]
	RtlClearBits [0x7701B6CF+191]
</status>
</test>
<doc>Testing Sign in in admin</doc>
<status status="FAIL" starttime="20230510 12:17:49.035" endtime="20230510 12:19:07.834"/>
</suite>
<status status="FAIL" starttime="20230510 12:16:47.066" endtime="20230510 12:19:07.839"/>
</suite>
<statistics>
<total>
<stat pass="3" fail="4" skip="0">All Tests</stat>
</total>
<tag>
<stat pass="1" fail="0" skip="0">sign</stat>
</tag>
<suite>
<stat pass="3" fail="4" skip="0" id="s1" name="1 Signin Admin &amp; 3 Dashboard">1 Signin Admin &amp; 3 Dashboard</stat>
<stat pass="1" fail="0" skip="0" id="s1-s1" name="1 Signin Admin">1 Signin Admin &amp; 3 Dashboard.1 Signin Admin</stat>
<stat pass="2" fail="4" skip="0" id="s1-s2" name="3 Dashboard">1 Signin Admin &amp; 3 Dashboard.3 Dashboard</stat>
</suite>
</statistics>
<errors>
</errors>
</robot>
