<?xml version="1.0" encoding="UTF-8"?>
<robot generator="Robot 6.0.2 (Python 3.11.2 on win32)" generated="20230328 03:21:03.940" rpa="false" schemaversion="3">
<suite id="s1" name="Signin Superadmin" source="C:\Users\benna\PycharmProjects\wattzhubcpo\tests\wattzhubsuperadmin\authentification_superadmin\signin_superadmin.robot">
<test id="s1-t1" name="sign in super admin" line="26">
<kw name="open wattzhub super admin">
<kw name="Open Browser" library="SeleniumLibrary">
<arg>${urlwattzhub_super admin}</arg>
<arg>${browser1}</arg>
<doc>Opens a new browser instance to the optional ``url``.</doc>
<msg timestamp="20230328 03:21:04.179" level="INFO">Opening browser 'Chrome' to base url 'https://cpo.beta.wattzhub.com/auth/login?returnUrl=%2Fstatistics'.</msg>
<status status="PASS" starttime="20230328 03:21:04.179" endtime="20230328 03:21:23.155"/>
</kw>
<kw name="Maximize Browser Window" library="SeleniumLibrary">
<doc>Maximizes current browser window.</doc>
<status status="PASS" starttime="20230328 03:21:23.155" endtime="20230328 03:21:23.278"/>
</kw>
<status status="PASS" starttime="20230328 03:21:04.178" endtime="20230328 03:21:23.279"/>
</kw>
<kw name="Wait Until Page Contains Element" library="SeleniumLibrary">
<arg>${id_email}</arg>
<doc>Waits until the element ``locator`` appears on the current page.</doc>
<status status="PASS" starttime="20230328 03:21:23.282" endtime="20230328 03:21:23.300"/>
</kw>
<kw name="Pass username_superadmin and password_superadmin">
<arg>${username_superadmin}</arg>
<arg>${password_superadmin}</arg>
<kw name="Press Keys" library="SeleniumLibrary">
<arg>${id_email}</arg>
<arg>${username_superadmin}</arg>
<doc>Simulates the user pressing key(s) to an element or on the active browser.</doc>
<msg timestamp="20230328 03:21:23.302" level="INFO">Sending key(s) ('sadok.bennahia@internship.continuousnet.com',) to id:email-field element.</msg>
<msg timestamp="20230328 03:21:23.622" level="INFO">Sending keys sadok.bennahia@internship.continuousnet.com</msg>
<status status="PASS" starttime="20230328 03:21:23.301" endtime="20230328 03:21:23.817"/>
</kw>
<kw name="Press Keys" library="SeleniumLibrary">
<arg>${id_password}</arg>
<arg>${password_superadmin}</arg>
<doc>Simulates the user pressing key(s) to an element or on the active browser.</doc>
<msg timestamp="20230328 03:21:23.818" level="INFO">Sending key(s) ('Sadok.bennahia123',) to id:password-field element.</msg>
<msg timestamp="20230328 03:21:24.119" level="INFO">Sending keys Sadok.bennahia123</msg>
<status status="PASS" starttime="20230328 03:21:23.817" endtime="20230328 03:21:24.209"/>
</kw>
<status status="PASS" starttime="20230328 03:21:23.300" endtime="20230328 03:21:24.209"/>
</kw>
<kw name="Press Keys" library="SeleniumLibrary">
<arg>${id_LicenseAgreement}</arg>
<arg>\\13</arg>
<doc>Simulates the user pressing key(s) to an element or on the active browser.</doc>
<msg timestamp="20230328 03:21:24.210" level="INFO">Sending key(s) ('\\13',) to id:mat-checkbox-1-input element.</msg>
<msg timestamp="20230328 03:21:24.516" level="INFO">Sending keys \13</msg>
<status status="PASS" starttime="20230328 03:21:24.210" endtime="20230328 03:21:24.532"/>
</kw>
<kw name="Checkbox Should Be Selected" library="SeleniumLibrary">
<arg>${id_LicenseAgreement}</arg>
<doc>Verifies checkbox ``locator`` is selected/checked.</doc>
<msg timestamp="20230328 03:21:24.534" level="INFO">Verifying checkbox 'id:mat-checkbox-1-input' is selected.</msg>
<status status="PASS" starttime="20230328 03:21:24.533" endtime="20230328 03:21:24.587"/>
</kw>
<kw name="Click Button" library="SeleniumLibrary">
<arg>${xpath_signin}</arg>
<doc>Clicks the button identified by ``locator``.</doc>
<msg timestamp="20230328 03:21:24.589" level="INFO">Clicking button '//*[@id="sign-in-button"]'.</msg>
<status status="PASS" starttime="20230328 03:21:24.587" endtime="20230328 03:21:24.704"/>
</kw>
<kw name="Sleep" library="BuiltIn">
<arg>5s</arg>
<doc>Pauses the test executed for the given time.</doc>
<msg timestamp="20230328 03:21:29.706" level="INFO">Slept 5 seconds</msg>
<status status="PASS" starttime="20230328 03:21:24.705" endtime="20230328 03:21:29.706"/>
</kw>
<kw name="Wait Until Page Contains" library="SeleniumLibrary">
<arg>Organisations</arg>
<doc>Waits until ``text`` appears on the current page.</doc>
<status status="PASS" starttime="20230328 03:21:29.706" endtime="20230328 03:21:29.723"/>
</kw>
<tag>sign</tag>
<status status="PASS" starttime="20230328 03:21:04.178" endtime="20230328 03:21:29.723"/>
</test>
<status status="PASS" starttime="20230328 03:21:03.941" endtime="20230328 03:21:29.725"/>
</suite>
<statistics>
<total>
<stat pass="1" fail="0" skip="0">All Tests</stat>
</total>
<tag>
<stat pass="1" fail="0" skip="0">sign</stat>
</tag>
<suite>
<stat pass="1" fail="0" skip="0" id="s1" name="Signin Superadmin">Signin Superadmin</stat>
</suite>
</statistics>
<errors>
</errors>
</robot>
